#
# There is insufficient memory for the Java Runtime Environment to continue.
# Native memory allocation (malloc) failed to allocate 680256 bytes. Error detail: Chunk::new
# Possible reasons:
#   The system is out of physical RAM or swap space
#   This process is running with CompressedOops enabled, and the Java Heap may be blocking the growth of the native heap
# Possible solutions:
#   Reduce memory load on the system
#   Increase physical memory or swap space
#   Check if swap backing store is full
#   Decrease Java heap size (-Xmx/-Xms)
#   Decrease number of Java threads
#   Decrease Java thread stack sizes (-Xss)
#   Set larger code cache with -XX:ReservedCodeCacheSize=
#   JVM is running with Unscaled Compressed Oops mode in which the Java heap is
#     placed in the first 4GB address space. The Java Heap base address is the
#     maximum limit for the native heap growth. Please use -XX:HeapBaseMinAddress
#     to set the Java Heap base and to place the Java Heap above 4GB virtual address.
# This output file may be truncated or incomplete.
#
#  Out of Memory Error (arena.cpp:168), pid=59240, tid=60308
#
# JRE version: OpenJDK Runtime Environment Temurin-21.0.9+10 (21.0.9+10) (build 21.0.9+10-LTS)
# Java VM: OpenJDK 64-Bit Server VM Temurin-21.0.9+10 (21.0.9+10-LTS, mixed mode, sharing, tiered, compressed oops, compressed class ptrs, g1 gc, windows-amd64)
# No core dump will be written. Minidumps are not enabled by default on client versions of Windows
#

---------------  S U M M A R Y ------------

Command Line: -javaagent:C:\Program Files\JetBrains\IntelliJ IDEA Community Edition 2025.2.4\lib\idea_rt.jar=56488 -Dfile.encoding=UTF-8 -Dsun.stdout.encoding=UTF-8 -Dsun.stderr.encoding=UTF-8 com.utsinven.inventoryms_springboot_api.InventorymsSpringbootApiApplication

Host: AMD Ryzen 3 7320U with Radeon Graphics         , 8 cores, 5G,  Windows 11 , 64 bit Build 26100 (10.0.26100.6725)
Time: Sun Nov  2 07:16:08 2025 SE Asia Standard Time elapsed time: 5287.280768 seconds (0d 1h 28m 7s)

---------------  T H R E A D  ---------------

Current thread (0x00000225da89f3f0):  JavaThread "C2 CompilerThread0" daemon [_thread_in_native, id=60308, stack(0x0000008c3fb00000,0x0000008c3fc00000) (1024K)]


Current CompileTask:
C2:5287281 15257   !   4       sun.nio.ch.SelectorImpl::lockAndDoSelect (87 bytes)

Stack: [0x0000008c3fb00000,0x0000008c3fc00000]
Native frames: (J=compiled Java code, j=interpreted, Vv=VM code, C=native code)
V  [jvm.dll+0x6d6e29]
V  [jvm.dll+0x8b4b76]
V  [jvm.dll+0x8b712e]
V  [jvm.dll+0x8b7813]
V  [jvm.dll+0x283d86]
V  [jvm.dll+0xc66ed]
V  [jvm.dll+0xc6c31]
V  [jvm.dll+0x3be53b]
V  [jvm.dll+0x38ab92]
V  [jvm.dll+0x389fda]
V  [jvm.dll+0x24bfa0]
V  [jvm.dll+0x24b580]
V  [jvm.dll+0x1cb13e]
V  [jvm.dll+0x25b29d]
V  [jvm.dll+0x25982a]
V  [jvm.dll+0x3f7ea6]
V  [jvm.dll+0x85e9ad]
V  [jvm.dll+0x6d565d]
C  [ucrtbase.dll+0x37b0]
C  [KERNEL32.DLL+0x2e8d7]
C  [ntdll.dll+0x8c53c]


---------------  P R O C E S S  ---------------

Threads class SMR info:
_java_thread_list=0x00000226246a0720, length=29, elements={
0x00000225da8773a0, 0x00000225da877df0, 0x00000225da87a810, 0x00000225da87b260,
0x00000225da87e460, 0x00000225da887530, 0x00000225da89f3f0, 0x00000225da89fe80,
0x00000225da887bc0, 0x00000225da885af0, 0x00000225da886ea0, 0x00000225da886180,
0x00000225da888250, 0x00000225da8888e0, 0x00000225da886810, 0x0000022622648b00,
0x0000022622649190, 0x0000022622647750, 0x0000022622645d10, 0x0000022622649820,
0x000002262264a540, 0x0000022622647de0, 0x0000022622649eb0, 0x00000226226470c0,
0x000002262264bf80, 0x000002262264d330, 0x000002262264cca0, 0x000002262264c610,
0x000002262264b260
}

Java Threads: ( => current thread )
  0x00000225da8773a0 JavaThread "Reference Handler"          daemon [_thread_blocked, id=51100, stack(0x0000008c3f500000,0x0000008c3f600000) (1024K)]
  0x00000225da877df0 JavaThread "Finalizer"                  daemon [_thread_blocked, id=60540, stack(0x0000008c3f600000,0x0000008c3f700000) (1024K)]
  0x00000225da87a810 JavaThread "Signal Dispatcher"          daemon [_thread_blocked, id=26504, stack(0x0000008c3f700000,0x0000008c3f800000) (1024K)]
  0x00000225da87b260 JavaThread "Attach Listener"            daemon [_thread_blocked, id=52864, stack(0x0000008c3f800000,0x0000008c3f900000) (1024K)]
  0x00000225da87e460 JavaThread "Service Thread"             daemon [_thread_blocked, id=59492, stack(0x0000008c3f900000,0x0000008c3fa00000) (1024K)]
  0x00000225da887530 JavaThread "Monitor Deflation Thread"   daemon [_thread_blocked, id=59200, stack(0x0000008c3fa00000,0x0000008c3fb00000) (1024K)]
=>0x00000225da89f3f0 JavaThread "C2 CompilerThread0"         daemon [_thread_in_native, id=60308, stack(0x0000008c3fb00000,0x0000008c3fc00000) (1024K)]
  0x00000225da89fe80 JavaThread "C1 CompilerThread0"         daemon [_thread_blocked, id=60140, stack(0x0000008c3fc00000,0x0000008c3fd00000) (1024K)]
  0x00000225da887bc0 JavaThread "Common-Cleaner"             daemon [_thread_blocked, id=54392, stack(0x0000008c3fd00000,0x0000008c3fe00000) (1024K)]
  0x00000225da885af0 JavaThread "Monitor Ctrl-Break"         daemon [_thread_in_native, id=55036, stack(0x0000008c3fe00000,0x0000008c3ff00000) (1024K)]
  0x00000225da886ea0 JavaThread "Notification Thread"        daemon [_thread_blocked, id=51892, stack(0x0000008c3ff00000,0x0000008c40000000) (1024K)]
  0x00000225da886180 JavaThread "Catalina-utility-1"                [_thread_blocked, id=51716, stack(0x0000008c40900000,0x0000008c40a00000) (1024K)]
  0x00000225da888250 JavaThread "Catalina-utility-2"                [_thread_blocked, id=55728, stack(0x0000008c40a00000,0x0000008c40b00000) (1024K)]
  0x00000225da8888e0 JavaThread "container-0"                       [_thread_blocked, id=58004, stack(0x0000008c40b00000,0x0000008c40c00000) (1024K)]
  0x00000225da886810 JavaThread "mysql-cj-abandoned-connection-cleanup" daemon [_thread_blocked, id=11928, stack(0x0000008c40c00000,0x0000008c40d00000) (1024K)]
  0x0000022622648b00 JavaThread "HikariPool-1 housekeeper"   daemon [_thread_blocked, id=56292, stack(0x0000008c40e00000,0x0000008c40f00000) (1024K)]
  0x0000022622649190 JavaThread "http-nio-8080-exec-1"       daemon [_thread_blocked, id=60704, stack(0x0000008c40500000,0x0000008c40600000) (1024K)]
  0x0000022622647750 JavaThread "http-nio-8080-exec-2"       daemon [_thread_blocked, id=61124, stack(0x0000008c40f00000,0x0000008c41000000) (1024K)]
  0x0000022622645d10 JavaThread "http-nio-8080-exec-3"       daemon [_thread_blocked, id=60160, stack(0x0000008c41000000,0x0000008c41100000) (1024K)]
  0x0000022622649820 JavaThread "http-nio-8080-exec-4"       daemon [_thread_blocked, id=59844, stack(0x0000008c41100000,0x0000008c41200000) (1024K)]
  0x000002262264a540 JavaThread "http-nio-8080-exec-5"       daemon [_thread_blocked, id=60876, stack(0x0000008c41200000,0x0000008c41300000) (1024K)]
  0x0000022622647de0 JavaThread "http-nio-8080-exec-6"       daemon [_thread_blocked, id=56964, stack(0x0000008c41300000,0x0000008c41400000) (1024K)]
  0x0000022622649eb0 JavaThread "http-nio-8080-exec-7"       daemon [_thread_blocked, id=60664, stack(0x0000008c41400000,0x0000008c41500000) (1024K)]
  0x00000226226470c0 JavaThread "http-nio-8080-exec-8"       daemon [_thread_blocked, id=53824, stack(0x0000008c41500000,0x0000008c41600000) (1024K)]
  0x000002262264bf80 JavaThread "http-nio-8080-exec-9"       daemon [_thread_blocked, id=57844, stack(0x0000008c41600000,0x0000008c41700000) (1024K)]
  0x000002262264d330 JavaThread "http-nio-8080-exec-10"      daemon [_thread_blocked, id=41140, stack(0x0000008c41700000,0x0000008c41800000) (1024K)]
  0x000002262264cca0 JavaThread "http-nio-8080-Poller"       daemon [_thread_in_native, id=56452, stack(0x0000008c41900000,0x0000008c41a00000) (1024K)]
  0x000002262264c610 JavaThread "http-nio-8080-Acceptor"     daemon [_thread_in_native, id=6164, stack(0x0000008c41a00000,0x0000008c41b00000) (1024K)]
  0x000002262264b260 JavaThread "DestroyJavaVM"                     [_thread_blocked, id=60732, stack(0x0000008c3ed00000,0x0000008c3ee00000) (1024K)]
Total: 29

Other Threads:
  0x00000225da85cba0 VMThread "VM Thread"                           [id=45908, stack(0x0000008c3f400000,0x0000008c3f500000) (1024K)]
  0x00000225da849450 WatcherThread "VM Periodic Task Thread"        [id=55996, stack(0x0000008c3f300000,0x0000008c3f400000) (1024K)]
  0x00000225be7b2f60 WorkerThread "GC Thread#0"                     [id=59784, stack(0x0000008c3ee00000,0x0000008c3ef00000) (1024K)]
  0x000002262051c990 WorkerThread "GC Thread#1"                     [id=60708, stack(0x0000008c40000000,0x0000008c40100000) (1024K)]
  0x0000022620845b70 WorkerThread "GC Thread#2"                     [id=12836, stack(0x0000008c40100000,0x0000008c40200000) (1024K)]
  0x00000226208241e0 WorkerThread "GC Thread#3"                     [id=56380, stack(0x0000008c40200000,0x0000008c40300000) (1024K)]
  0x000002262082a300 WorkerThread "GC Thread#4"                     [id=58748, stack(0x0000008c40300000,0x0000008c40400000) (1024K)]
  0x000002262082a6a0 WorkerThread "GC Thread#5"                     [id=56240, stack(0x0000008c40400000,0x0000008c40500000) (1024K)]
  0x0000022620d99ac0 WorkerThread "GC Thread#6"                     [id=60728, stack(0x0000008c40600000,0x0000008c40700000) (1024K)]
  0x0000022620bb9980 WorkerThread "GC Thread#7"                     [id=328, stack(0x0000008c40700000,0x0000008c40800000) (1024K)]
  0x00000225be7bf610 ConcurrentGCThread "G1 Main Marker"            [id=59828, stack(0x0000008c3ef00000,0x0000008c3f000000) (1024K)]
  0x00000225be7c1640 WorkerThread "G1 Conc#0"                       [id=61348, stack(0x0000008c3f000000,0x0000008c3f100000) (1024K)]
  0x0000022620df9220 WorkerThread "G1 Conc#1"                       [id=5440, stack(0x0000008c40800000,0x0000008c40900000) (1024K)]
  0x00000225be81e6b0 ConcurrentGCThread "G1 Refine#0"               [id=61076, stack(0x0000008c3f100000,0x0000008c3f200000) (1024K)]
  0x00000225da71e130 ConcurrentGCThread "G1 Service"                [id=60368, stack(0x0000008c3f200000,0x0000008c3f300000) (1024K)]
Total: 15

Threads with active compile tasks:
C2 CompilerThread0  5287343 15257   !   4       sun.nio.ch.SelectorImpl::lockAndDoSelect (87 bytes)
Total: 1

VM state: not at safepoint (normal execution)

VM Mutex/Monitor currently owned by a thread: None

Heap address: 0x00000000a4200000, size: 1470 MB, Compressed Oops mode: 32-bit

CDS archive(s) mapped at: [0x00000225db000000-0x00000225dbc80000-0x00000225dbc80000), size 13107200, SharedBaseAddress: 0x00000225db000000, ArchiveRelocationMode: 1.
Compressed class space mapped at: 0x00000225dc000000-0x000002261c000000, reserved size: 1073741824
Narrow klass base: 0x00000225db000000, Narrow klass shift: 0, Narrow klass range: 0x100000000

GC Precious Log:
 CardTable entry size: 512
 Card Set container configuration: InlinePtr #cards 5 size 8 Array Of Cards #cards 12 size 40 Howl #buckets 4 coarsen threshold 1843 Howl Bitmap #cards 512 size 80 coarsen threshold 460 Card regions per heap region 1 cards per card region 2048
 CPUs: 8 total, 8 available
 Memory: 5877M
 Large Page Support: Disabled
 NUMA Support: Disabled
 Compressed Oops: Enabled (32-bit)
 Heap Region Size: 1M
 Heap Min Capacity: 8M
 Heap Initial Capacity: 92M
 Heap Max Capacity: 1470M
 Pre-touch: Disabled
 Parallel Workers: 8
 Concurrent Workers: 2
 Concurrent Refinement Workers: 8
 Periodic GC: Disabled

Heap:
 garbage-first heap   total 161792K, used 123219K [0x00000000a4200000, 0x0000000100000000)
  region size 1024K, 75 young (76800K), 5 survivors (5120K)
 Metaspace       used 95279K, committed 96256K, reserved 1179648K
  class space    used 12619K, committed 13056K, reserved 1048576K

Heap Regions: E=young(eden), S=young(survivor), O=old, HS=humongous(starts), HC=humongous(continues), CS=collection set, F=free, TAMS=top-at-mark-start, PB=parsable bottom
|   0|0x00000000a4200000, 0x00000000a4300000, 0x00000000a4300000|100%|HS|  |TAMS 0x00000000a4200000| PB 0x00000000a4200000| Complete 
|   1|0x00000000a4300000, 0x00000000a4400000, 0x00000000a4400000|100%|HS|  |TAMS 0x00000000a4300000| PB 0x00000000a4300000| Complete 
|   2|0x00000000a4400000, 0x00000000a4500000, 0x00000000a4500000|100%| O|  |TAMS 0x00000000a4400000| PB 0x00000000a4400000| Untracked 
|   3|0x00000000a4500000, 0x00000000a4600000, 0x00000000a4600000|100%| O|  |TAMS 0x00000000a4500000| PB 0x00000000a4500000| Untracked 
|   4|0x00000000a4600000, 0x00000000a4700000, 0x00000000a4700000|100%| O|  |TAMS 0x00000000a4600000| PB 0x00000000a4600000| Untracked 
|   5|0x00000000a4700000, 0x00000000a4800000, 0x00000000a4800000|100%| O|  |TAMS 0x00000000a4700000| PB 0x00000000a4700000| Untracked 
|   6|0x00000000a4800000, 0x00000000a4900000, 0x00000000a4900000|100%| O|  |TAMS 0x00000000a4800000| PB 0x00000000a4800000| Untracked 
|   7|0x00000000a4900000, 0x00000000a4a00000, 0x00000000a4a00000|100%| O|  |TAMS 0x00000000a4900000| PB 0x00000000a4900000| Untracked 
|   8|0x00000000a4a00000, 0x00000000a4b00000, 0x00000000a4b00000|100%| O|  |TAMS 0x00000000a4a00000| PB 0x00000000a4a00000| Untracked 
|   9|0x00000000a4b00000, 0x00000000a4c00000, 0x00000000a4c00000|100%| O|  |TAMS 0x00000000a4b00000| PB 0x00000000a4b00000| Untracked 
|  10|0x00000000a4c00000, 0x00000000a4d00000, 0x00000000a4d00000|100%| O|  |TAMS 0x00000000a4c00000| PB 0x00000000a4c00000| Untracked 
|  11|0x00000000a4d00000, 0x00000000a4e00000, 0x00000000a4e00000|100%| O|  |TAMS 0x00000000a4d00000| PB 0x00000000a4d00000| Untracked 
|  12|0x00000000a4e00000, 0x00000000a4f00000, 0x00000000a4f00000|100%| O|  |TAMS 0x00000000a4e00000| PB 0x00000000a4e00000| Untracked 
|  13|0x00000000a4f00000, 0x00000000a5000000, 0x00000000a5000000|100%| O|  |TAMS 0x00000000a4f00000| PB 0x00000000a4f00000| Untracked 
|  14|0x00000000a5000000, 0x00000000a5100000, 0x00000000a5100000|100%| O|  |TAMS 0x00000000a5000000| PB 0x00000000a5000000| Untracked 
|  15|0x00000000a5100000, 0x00000000a5200000, 0x00000000a5200000|100%| O|  |TAMS 0x00000000a5100000| PB 0x00000000a5100000| Untracked 
|  16|0x00000000a5200000, 0x00000000a5300000, 0x00000000a5300000|100%| O|  |TAMS 0x00000000a5200000| PB 0x00000000a5200000| Untracked 
|  17|0x00000000a5300000, 0x00000000a5400000, 0x00000000a5400000|100%| O|  |TAMS 0x00000000a5300000| PB 0x00000000a5300000| Untracked 
|  18|0x00000000a5400000, 0x00000000a5500000, 0x00000000a5500000|100%| O|  |TAMS 0x00000000a5400000| PB 0x00000000a5400000| Untracked 
|  19|0x00000000a5500000, 0x00000000a5600000, 0x00000000a5600000|100%| O|  |TAMS 0x00000000a5500000| PB 0x00000000a5500000| Untracked 
|  20|0x00000000a5600000, 0x00000000a5700000, 0x00000000a5700000|100%| O|  |TAMS 0x00000000a5600000| PB 0x00000000a5600000| Untracked 
|  21|0x00000000a5700000, 0x00000000a5800000, 0x00000000a5800000|100%| O|  |TAMS 0x00000000a5700000| PB 0x00000000a5700000| Untracked 
|  22|0x00000000a5800000, 0x00000000a5900000, 0x00000000a5900000|100%| O|  |TAMS 0x00000000a5800000| PB 0x00000000a5800000| Untracked 
|  23|0x00000000a5900000, 0x00000000a5a00000, 0x00000000a5a00000|100%| O|  |TAMS 0x00000000a5900000| PB 0x00000000a5900000| Untracked 
|  24|0x00000000a5a00000, 0x00000000a5b00000, 0x00000000a5b00000|100%| O|  |TAMS 0x00000000a5a00000| PB 0x00000000a5a00000| Untracked 
|  25|0x00000000a5b00000, 0x00000000a5c00000, 0x00000000a5c00000|100%| O|  |TAMS 0x00000000a5b00000| PB 0x00000000a5b00000| Untracked 
|  26|0x00000000a5c00000, 0x00000000a5d00000, 0x00000000a5d00000|100%| O|  |TAMS 0x00000000a5c00000| PB 0x00000000a5c00000| Untracked 
|  27|0x00000000a5d00000, 0x00000000a5e00000, 0x00000000a5e00000|100%| O|  |TAMS 0x00000000a5d00000| PB 0x00000000a5d00000| Untracked 
|  28|0x00000000a5e00000, 0x00000000a5f00000, 0x00000000a5f00000|100%| O|  |TAMS 0x00000000a5e00000| PB 0x00000000a5e00000| Untracked 
|  29|0x00000000a5f00000, 0x00000000a6000000, 0x00000000a6000000|100%| O|  |TAMS 0x00000000a5f00000| PB 0x00000000a5f00000| Untracked 
|  30|0x00000000a6000000, 0x00000000a6100000, 0x00000000a6100000|100%| O|  |TAMS 0x00000000a6000000| PB 0x00000000a6000000| Untracked 
|  31|0x00000000a6100000, 0x00000000a6200000, 0x00000000a6200000|100%| O|  |TAMS 0x00000000a6100000| PB 0x00000000a6100000| Untracked 
|  32|0x00000000a6200000, 0x00000000a6300000, 0x00000000a6300000|100%| O|  |TAMS 0x00000000a6200000| PB 0x00000000a6200000| Untracked 
|  33|0x00000000a6300000, 0x00000000a63bba58, 0x00000000a6400000| 73%| O|  |TAMS 0x00000000a6300000| PB 0x00000000a6300000| Untracked 
|  34|0x00000000a6400000, 0x00000000a6500000, 0x00000000a6500000|100%| O|  |TAMS 0x00000000a6400000| PB 0x00000000a6400000| Untracked 
|  35|0x00000000a6500000, 0x00000000a6600000, 0x00000000a6600000|100%| O|  |TAMS 0x00000000a6500000| PB 0x00000000a6500000| Untracked 
|  36|0x00000000a6600000, 0x00000000a6700000, 0x00000000a6700000|100%| O|  |TAMS 0x00000000a6600000| PB 0x00000000a6600000| Untracked 
|  37|0x00000000a6700000, 0x00000000a6700000, 0x00000000a6800000|  0%| F|  |TAMS 0x00000000a6700000| PB 0x00000000a6700000| Untracked 
|  38|0x00000000a6800000, 0x00000000a6800000, 0x00000000a6900000|  0%| F|  |TAMS 0x00000000a6800000| PB 0x00000000a6800000| Untracked 
|  39|0x00000000a6900000, 0x00000000a6900000, 0x00000000a6a00000|  0%| F|  |TAMS 0x00000000a6900000| PB 0x00000000a6900000| Untracked 
|  40|0x00000000a6a00000, 0x00000000a6b00000, 0x00000000a6b00000|100%| O|  |TAMS 0x00000000a6a00000| PB 0x00000000a6a00000| Untracked 
|  41|0x00000000a6b00000, 0x00000000a6c00000, 0x00000000a6c00000|100%| O|Cm|TAMS 0x00000000a6b00000| PB 0x00000000a6b00000| Complete 
|  42|0x00000000a6c00000, 0x00000000a6c00000, 0x00000000a6d00000|  0%| F|  |TAMS 0x00000000a6c00000| PB 0x00000000a6c00000| Untracked 
|  43|0x00000000a6d00000, 0x00000000a6e00000, 0x00000000a6e00000|100%| O|  |TAMS 0x00000000a6d00000| PB 0x00000000a6d00000| Untracked 
|  44|0x00000000a6e00000, 0x00000000a6e00000, 0x00000000a6f00000|  0%| F|  |TAMS 0x00000000a6e00000| PB 0x00000000a6e00000| Untracked 
|  45|0x00000000a6f00000, 0x00000000a7000000, 0x00000000a7000000|100%| O|  |TAMS 0x00000000a6f00000| PB 0x00000000a6f00000| Untracked 
|  46|0x00000000a7000000, 0x00000000a7100000, 0x00000000a7100000|100%| O|  |TAMS 0x00000000a7000000| PB 0x00000000a7000000| Untracked 
|  47|0x00000000a7100000, 0x00000000a7100000, 0x00000000a7200000|  0%| F|  |TAMS 0x00000000a7100000| PB 0x00000000a7100000| Untracked 
|  48|0x00000000a7200000, 0x00000000a7300000, 0x00000000a7300000|100%| O|  |TAMS 0x00000000a7200000| PB 0x00000000a7200000| Untracked 
|  49|0x00000000a7300000, 0x00000000a7400000, 0x00000000a7400000|100%| O|  |TAMS 0x00000000a7300000| PB 0x00000000a7300000| Untracked 
|  50|0x00000000a7400000, 0x00000000a7500000, 0x00000000a7500000|100%| O|  |TAMS 0x00000000a7400000| PB 0x00000000a7400000| Untracked 
|  51|0x00000000a7500000, 0x00000000a7600000, 0x00000000a7600000|100%| O|  |TAMS 0x00000000a7500000| PB 0x00000000a7500000| Untracked 
|  52|0x00000000a7600000, 0x00000000a7600000, 0x00000000a7700000|  0%| F|  |TAMS 0x00000000a7600000| PB 0x00000000a7600000| Untracked 
|  53|0x00000000a7700000, 0x00000000a7700000, 0x00000000a7800000|  0%| F|  |TAMS 0x00000000a7700000| PB 0x00000000a7700000| Untracked 
|  54|0x00000000a7800000, 0x00000000a7800000, 0x00000000a7900000|  0%| F|  |TAMS 0x00000000a7800000| PB 0x00000000a7800000| Untracked 
|  55|0x00000000a7900000, 0x00000000a7900000, 0x00000000a7a00000|  0%| F|  |TAMS 0x00000000a7900000| PB 0x00000000a7900000| Untracked 
|  56|0x00000000a7a00000, 0x00000000a7a00000, 0x00000000a7b00000|  0%| F|  |TAMS 0x00000000a7a00000| PB 0x00000000a7a00000| Untracked 
|  57|0x00000000a7b00000, 0x00000000a7b99290, 0x00000000a7c00000| 59%| S|CS|TAMS 0x00000000a7b00000| PB 0x00000000a7b00000| Complete 
|  58|0x00000000a7c00000, 0x00000000a7c00000, 0x00000000a7d00000|  0%| F|  |TAMS 0x00000000a7c00000| PB 0x00000000a7c00000| Untracked 
|  59|0x00000000a7d00000, 0x00000000a7d00000, 0x00000000a7e00000|  0%| F|  |TAMS 0x00000000a7d00000| PB 0x00000000a7d00000| Untracked 
|  60|0x00000000a7e00000, 0x00000000a7f00000, 0x00000000a7f00000|100%| S|CS|TAMS 0x00000000a7e00000| PB 0x00000000a7e00000| Complete 
|  61|0x00000000a7f00000, 0x00000000a8000000, 0x00000000a8000000|100%| S|CS|TAMS 0x00000000a7f00000| PB 0x00000000a7f00000| Complete 
|  62|0x00000000a8000000, 0x00000000a8100000, 0x00000000a8100000|100%| S|CS|TAMS 0x00000000a8000000| PB 0x00000000a8000000| Complete 
|  63|0x00000000a8100000, 0x00000000a8100000, 0x00000000a8200000|  0%| F|  |TAMS 0x00000000a8100000| PB 0x00000000a8100000| Untracked 
|  64|0x00000000a8200000, 0x00000000a8200000, 0x00000000a8300000|  0%| F|  |TAMS 0x00000000a8200000| PB 0x00000000a8200000| Untracked 
|  65|0x00000000a8300000, 0x00000000a8400000, 0x00000000a8400000|100%| S|CS|TAMS 0x00000000a8300000| PB 0x00000000a8300000| Complete 
|  66|0x00000000a8400000, 0x00000000a8400000, 0x00000000a8500000|  0%| F|  |TAMS 0x00000000a8400000| PB 0x00000000a8400000| Untracked 
|  67|0x00000000a8500000, 0x00000000a8500000, 0x00000000a8600000|  0%| F|  |TAMS 0x00000000a8500000| PB 0x00000000a8500000| Untracked 
|  68|0x00000000a8600000, 0x00000000a8600000, 0x00000000a8700000|  0%| F|  |TAMS 0x00000000a8600000| PB 0x00000000a8600000| Untracked 
|  69|0x00000000a8700000, 0x00000000a8700000, 0x00000000a8800000|  0%| F|  |TAMS 0x00000000a8700000| PB 0x00000000a8700000| Untracked 
|  70|0x00000000a8800000, 0x00000000a8900000, 0x00000000a8900000|100%| O|Cm|TAMS 0x00000000a8800000| PB 0x00000000a8800000| Complete 
|  71|0x00000000a8900000, 0x00000000a8900000, 0x00000000a8a00000|  0%| F|  |TAMS 0x00000000a8900000| PB 0x00000000a8900000| Untracked 
|  72|0x00000000a8a00000, 0x00000000a8a00000, 0x00000000a8b00000|  0%| F|  |TAMS 0x00000000a8a00000| PB 0x00000000a8a00000| Untracked 
|  73|0x00000000a8b00000, 0x00000000a8b00000, 0x00000000a8c00000|  0%| F|  |TAMS 0x00000000a8b00000| PB 0x00000000a8b00000| Untracked 
|  74|0x00000000a8c00000, 0x00000000a8c00000, 0x00000000a8d00000|  0%| F|  |TAMS 0x00000000a8c00000| PB 0x00000000a8c00000| Untracked 
|  75|0x00000000a8d00000, 0x00000000a8d00000, 0x00000000a8e00000|  0%| F|  |TAMS 0x00000000a8d00000| PB 0x00000000a8d00000| Untracked 
|  76|0x00000000a8e00000, 0x00000000a8f00000, 0x00000000a8f00000|100%| O|Cm|TAMS 0x00000000a8e00000| PB 0x00000000a8e00000| Complete 
|  77|0x00000000a8f00000, 0x00000000a8f00000, 0x00000000a9000000|  0%| F|  |TAMS 0x00000000a8f00000| PB 0x00000000a8f00000| Untracked 
|  78|0x00000000a9000000, 0x00000000a9000000, 0x00000000a9100000|  0%| F|  |TAMS 0x00000000a9000000| PB 0x00000000a9000000| Untracked 
|  79|0x00000000a9100000, 0x00000000a9100000, 0x00000000a9200000|  0%| F|  |TAMS 0x00000000a9100000| PB 0x00000000a9100000| Untracked 
|  80|0x00000000a9200000, 0x00000000a9200000, 0x00000000a9300000|  0%| F|  |TAMS 0x00000000a9200000| PB 0x00000000a9200000| Untracked 
|  81|0x00000000a9300000, 0x00000000a9300000, 0x00000000a9400000|  0%| F|  |TAMS 0x00000000a9300000| PB 0x00000000a9300000| Untracked 
|  82|0x00000000a9400000, 0x00000000a9400000, 0x00000000a9500000|  0%| F|  |TAMS 0x00000000a9400000| PB 0x00000000a9400000| Untracked 
|  83|0x00000000a9500000, 0x00000000a9500000, 0x00000000a9600000|  0%| F|  |TAMS 0x00000000a9500000| PB 0x00000000a9500000| Untracked 
|  84|0x00000000a9600000, 0x00000000a9600000, 0x00000000a9700000|  0%| F|  |TAMS 0x00000000a9600000| PB 0x00000000a9600000| Untracked 
|  85|0x00000000a9700000, 0x00000000a9700000, 0x00000000a9800000|  0%| F|  |TAMS 0x00000000a9700000| PB 0x00000000a9700000| Untracked 
|  86|0x00000000a9800000, 0x00000000a9800000, 0x00000000a9900000|  0%| F|  |TAMS 0x00000000a9800000| PB 0x00000000a9800000| Untracked 
|  87|0x00000000a9900000, 0x00000000a9900000, 0x00000000a9a00000|  0%| F|  |TAMS 0x00000000a9900000| PB 0x00000000a9900000| Untracked 
|  88|0x00000000a9a00000, 0x00000000a9a1ed10, 0x00000000a9b00000| 12%| E|  |TAMS 0x00000000a9a00000| PB 0x00000000a9a00000| Complete 
|  89|0x00000000a9b00000, 0x00000000a9c00000, 0x00000000a9c00000|100%| E|CS|TAMS 0x00000000a9b00000| PB 0x00000000a9b00000| Complete 
|  90|0x00000000a9c00000, 0x00000000a9d00000, 0x00000000a9d00000|100%| E|CS|TAMS 0x00000000a9c00000| PB 0x00000000a9c00000| Complete 
|  91|0x00000000a9d00000, 0x00000000a9e00000, 0x00000000a9e00000|100%| E|CS|TAMS 0x00000000a9d00000| PB 0x00000000a9d00000| Complete 
|  92|0x00000000a9e00000, 0x00000000a9f00000, 0x00000000a9f00000|100%| E|CS|TAMS 0x00000000a9e00000| PB 0x00000000a9e00000| Complete 
|  93|0x00000000a9f00000, 0x00000000aa000000, 0x00000000aa000000|100%| E|CS|TAMS 0x00000000a9f00000| PB 0x00000000a9f00000| Complete 
|  94|0x00000000aa000000, 0x00000000aa100000, 0x00000000aa100000|100%| E|CS|TAMS 0x00000000aa000000| PB 0x00000000aa000000| Complete 
|  95|0x00000000aa100000, 0x00000000aa200000, 0x00000000aa200000|100%| E|CS|TAMS 0x00000000aa100000| PB 0x00000000aa100000| Complete 
|  96|0x00000000aa200000, 0x00000000aa300000, 0x00000000aa300000|100%| E|CS|TAMS 0x00000000aa200000| PB 0x00000000aa200000| Complete 
|  97|0x00000000aa300000, 0x00000000aa400000, 0x00000000aa400000|100%| E|CS|TAMS 0x00000000aa300000| PB 0x00000000aa300000| Complete 
|  98|0x00000000aa400000, 0x00000000aa500000, 0x00000000aa500000|100%| E|CS|TAMS 0x00000000aa400000| PB 0x00000000aa400000| Complete 
|  99|0x00000000aa500000, 0x00000000aa600000, 0x00000000aa600000|100%| E|CS|TAMS 0x00000000aa500000| PB 0x00000000aa500000| Complete 
| 100|0x00000000aa600000, 0x00000000aa700000, 0x00000000aa700000|100%| E|CS|TAMS 0x00000000aa600000| PB 0x00000000aa600000| Complete 
| 101|0x00000000aa700000, 0x00000000aa800000, 0x00000000aa800000|100%| E|CS|TAMS 0x00000000aa700000| PB 0x00000000aa700000| Complete 
| 102|0x00000000aa800000, 0x00000000aa900000, 0x00000000aa900000|100%| E|CS|TAMS 0x00000000aa800000| PB 0x00000000aa800000| Complete 
| 103|0x00000000aa900000, 0x00000000aaa00000, 0x00000000aaa00000|100%| E|CS|TAMS 0x00000000aa900000| PB 0x00000000aa900000| Complete 
| 104|0x00000000aaa00000, 0x00000000aab00000, 0x00000000aab00000|100%| E|CS|TAMS 0x00000000aaa00000| PB 0x00000000aaa00000| Complete 
| 105|0x00000000aab00000, 0x00000000aac00000, 0x00000000aac00000|100%| E|CS|TAMS 0x00000000aab00000| PB 0x00000000aab00000| Complete 
| 106|0x00000000aac00000, 0x00000000aad00000, 0x00000000aad00000|100%| E|CS|TAMS 0x00000000aac00000| PB 0x00000000aac00000| Complete 
| 107|0x00000000aad00000, 0x00000000aae00000, 0x00000000aae00000|100%| E|CS|TAMS 0x00000000aad00000| PB 0x00000000aad00000| Complete 
| 108|0x00000000aae00000, 0x00000000aaf00000, 0x00000000aaf00000|100%| E|CS|TAMS 0x00000000aae00000| PB 0x00000000aae00000| Complete 
| 109|0x00000000aaf00000, 0x00000000ab000000, 0x00000000ab000000|100%| E|CS|TAMS 0x00000000aaf00000| PB 0x00000000aaf00000| Complete 
| 110|0x00000000ab000000, 0x00000000ab100000, 0x00000000ab100000|100%| E|CS|TAMS 0x00000000ab000000| PB 0x00000000ab000000| Complete 
| 111|0x00000000ab100000, 0x00000000ab200000, 0x00000000ab200000|100%| E|CS|TAMS 0x00000000ab100000| PB 0x00000000ab100000| Complete 
| 112|0x00000000ab200000, 0x00000000ab300000, 0x00000000ab300000|100%| E|CS|TAMS 0x00000000ab200000| PB 0x00000000ab200000| Complete 
| 113|0x00000000ab300000, 0x00000000ab400000, 0x00000000ab400000|100%| E|CS|TAMS 0x00000000ab300000| PB 0x00000000ab300000| Complete 
| 114|0x00000000ab400000, 0x00000000ab500000, 0x00000000ab500000|100%| E|CS|TAMS 0x00000000ab400000| PB 0x00000000ab400000| Complete 
| 115|0x00000000ab500000, 0x00000000ab600000, 0x00000000ab600000|100%| E|CS|TAMS 0x00000000ab500000| PB 0x00000000ab500000| Complete 
| 116|0x00000000ab600000, 0x00000000ab700000, 0x00000000ab700000|100%| E|CS|TAMS 0x00000000ab600000| PB 0x00000000ab600000| Complete 
| 117|0x00000000ab700000, 0x00000000ab800000, 0x00000000ab800000|100%| E|CS|TAMS 0x00000000ab700000| PB 0x00000000ab700000| Complete 
| 118|0x00000000ab800000, 0x00000000ab900000, 0x00000000ab900000|100%| E|CS|TAMS 0x00000000ab800000| PB 0x00000000ab800000| Complete 
| 119|0x00000000ab900000, 0x00000000aba00000, 0x00000000aba00000|100%| E|CS|TAMS 0x00000000ab900000| PB 0x00000000ab900000| Complete 
| 120|0x00000000aba00000, 0x00000000abb00000, 0x00000000abb00000|100%| E|CS|TAMS 0x00000000aba00000| PB 0x00000000aba00000| Complete 
| 121|0x00000000abb00000, 0x00000000abc00000, 0x00000000abc00000|100%| E|  |TAMS 0x00000000abb00000| PB 0x00000000abb00000| Complete 
| 122|0x00000000abc00000, 0x00000000abd00000, 0x00000000abd00000|100%| E|CS|TAMS 0x00000000abc00000| PB 0x00000000abc00000| Complete 
| 123|0x00000000abd00000, 0x00000000abe00000, 0x00000000abe00000|100%| E|CS|TAMS 0x00000000abd00000| PB 0x00000000abd00000| Complete 
| 124|0x00000000abe00000, 0x00000000abf00000, 0x00000000abf00000|100%| E|CS|TAMS 0x00000000abe00000| PB 0x00000000abe00000| Complete 
| 125|0x00000000abf00000, 0x00000000ac000000, 0x00000000ac000000|100%| E|CS|TAMS 0x00000000abf00000| PB 0x00000000abf00000| Complete 
| 126|0x00000000ac000000, 0x00000000ac100000, 0x00000000ac100000|100%| E|CS|TAMS 0x00000000ac000000| PB 0x00000000ac000000| Complete 
| 127|0x00000000ac100000, 0x00000000ac200000, 0x00000000ac200000|100%| E|CS|TAMS 0x00000000ac100000| PB 0x00000000ac100000| Complete 
| 128|0x00000000ac200000, 0x00000000ac300000, 0x00000000ac300000|100%| E|CS|TAMS 0x00000000ac200000| PB 0x00000000ac200000| Complete 
| 129|0x00000000ac300000, 0x00000000ac400000, 0x00000000ac400000|100%| E|CS|TAMS 0x00000000ac300000| PB 0x00000000ac300000| Complete 
| 130|0x00000000ac400000, 0x00000000ac500000, 0x00000000ac500000|100%| E|CS|TAMS 0x00000000ac400000| PB 0x00000000ac400000| Complete 
| 131|0x00000000ac500000, 0x00000000ac600000, 0x00000000ac600000|100%| E|CS|TAMS 0x00000000ac500000| PB 0x00000000ac500000| Complete 
| 132|0x00000000ac600000, 0x00000000ac700000, 0x00000000ac700000|100%| E|CS|TAMS 0x00000000ac600000| PB 0x00000000ac600000| Complete 
| 133|0x00000000ac700000, 0x00000000ac800000, 0x00000000ac800000|100%| E|CS|TAMS 0x00000000ac700000| PB 0x00000000ac700000| Complete 
| 134|0x00000000ac800000, 0x00000000ac900000, 0x00000000ac900000|100%| E|CS|TAMS 0x00000000ac800000| PB 0x00000000ac800000| Complete 
| 135|0x00000000ac900000, 0x00000000aca00000, 0x00000000aca00000|100%| E|CS|TAMS 0x00000000ac900000| PB 0x00000000ac900000| Complete 
| 136|0x00000000aca00000, 0x00000000acb00000, 0x00000000acb00000|100%| E|CS|TAMS 0x00000000aca00000| PB 0x00000000aca00000| Complete 
| 137|0x00000000acb00000, 0x00000000acc00000, 0x00000000acc00000|100%| E|CS|TAMS 0x00000000acb00000| PB 0x00000000acb00000| Complete 
| 138|0x00000000acc00000, 0x00000000acd00000, 0x00000000acd00000|100%| E|CS|TAMS 0x00000000acc00000| PB 0x00000000acc00000| Complete 
| 139|0x00000000acd00000, 0x00000000ace00000, 0x00000000ace00000|100%| E|CS|TAMS 0x00000000acd00000| PB 0x00000000acd00000| Complete 
| 140|0x00000000ace00000, 0x00000000acf00000, 0x00000000acf00000|100%| E|CS|TAMS 0x00000000ace00000| PB 0x00000000ace00000| Complete 
| 141|0x00000000acf00000, 0x00000000ad000000, 0x00000000ad000000|100%| E|CS|TAMS 0x00000000acf00000| PB 0x00000000acf00000| Complete 
| 142|0x00000000ad000000, 0x00000000ad100000, 0x00000000ad100000|100%| E|CS|TAMS 0x00000000ad000000| PB 0x00000000ad000000| Complete 
| 143|0x00000000ad100000, 0x00000000ad200000, 0x00000000ad200000|100%| E|CS|TAMS 0x00000000ad100000| PB 0x00000000ad100000| Complete 
| 144|0x00000000ad200000, 0x00000000ad300000, 0x00000000ad300000|100%| E|CS|TAMS 0x00000000ad200000| PB 0x00000000ad200000| Complete 
| 145|0x00000000ad300000, 0x00000000ad400000, 0x00000000ad400000|100%| E|CS|TAMS 0x00000000ad300000| PB 0x00000000ad300000| Complete 
| 146|0x00000000ad400000, 0x00000000ad500000, 0x00000000ad500000|100%| E|CS|TAMS 0x00000000ad400000| PB 0x00000000ad400000| Complete 
| 147|0x00000000ad500000, 0x00000000ad600000, 0x00000000ad600000|100%| E|CS|TAMS 0x00000000ad500000| PB 0x00000000ad500000| Complete 
| 148|0x00000000ad600000, 0x00000000ad700000, 0x00000000ad700000|100%| E|CS|TAMS 0x00000000ad600000| PB 0x00000000ad600000| Complete 
| 149|0x00000000ad700000, 0x00000000ad800000, 0x00000000ad800000|100%| E|CS|TAMS 0x00000000ad700000| PB 0x00000000ad700000| Complete 
| 150|0x00000000ad800000, 0x00000000ad900000, 0x00000000ad900000|100%| E|CS|TAMS 0x00000000ad800000| PB 0x00000000ad800000| Complete 
| 151|0x00000000ad900000, 0x00000000ada00000, 0x00000000ada00000|100%| E|CS|TAMS 0x00000000ad900000| PB 0x00000000ad900000| Complete 
| 152|0x00000000ada00000, 0x00000000adb00000, 0x00000000adb00000|100%| E|CS|TAMS 0x00000000ada00000| PB 0x00000000ada00000| Complete 
| 153|0x00000000adb00000, 0x00000000adc00000, 0x00000000adc00000|100%| E|CS|TAMS 0x00000000adb00000| PB 0x00000000adb00000| Complete 
| 154|0x00000000adc00000, 0x00000000add00000, 0x00000000add00000|100%| E|CS|TAMS 0x00000000adc00000| PB 0x00000000adc00000| Complete 
| 155|0x00000000add00000, 0x00000000ade00000, 0x00000000ade00000|100%| E|CS|TAMS 0x00000000add00000| PB 0x00000000add00000| Complete 
|1468|0x00000000ffe00000, 0x00000000fff00000, 0x00000000fff00000|100%| E|CS|TAMS 0x00000000ffe00000| PB 0x00000000ffe00000| Complete 
|1469|0x00000000fff00000, 0x0000000100000000, 0x0000000100000000|100%| E|CS|TAMS 0x00000000fff00000| PB 0x00000000fff00000| Complete 

Card table byte_map: [0x00000225d6490000,0x00000225d6770000] _byte_map_base: 0x00000225d5f6f000

Marking Bits: (CMBitMap*) 0x00000225be7b3570
 Bits: [0x00000225d6770000, 0x00000225d7e68000)

Polling page: 0x00000225bc560000

Metaspace:

Usage:
  Non-class:     80.72 MB used.
      Class:     12.32 MB used.
       Both:     93.05 MB used.

Virtual space:
  Non-class space:      128.00 MB reserved,      81.25 MB ( 63%) committed,  2 nodes.
      Class space:        1.00 GB reserved,      12.75 MB (  1%) committed,  1 nodes.
             Both:        1.12 GB reserved,      94.00 MB (  8%) committed. 

Chunk freelists:
   Non-Class:  14.67 MB
       Class:  3.12 MB
        Both:  17.79 MB

MaxMetaspaceSize: unlimited
CompressedClassSpaceSize: 1.00 GB
Initial GC threshold: 21.00 MB
Current GC threshold: 151.38 MB
CDS: on
 - commit_granule_bytes: 65536.
 - commit_granule_words: 8192.
 - virtual_space_node_default_size: 8388608.
 - enlarge_chunks_in_place: 1.
 - use_allocation_guard: 0.


Internal statistics:

num_allocs_failed_limit: 9.
num_arena_births: 1480.
num_arena_deaths: 0.
num_vsnodes_births: 3.
num_vsnodes_deaths: 0.
num_space_committed: 1503.
num_space_uncommitted: 0.
num_chunks_returned_to_freelist: 9.
num_chunks_taken_from_freelist: 5087.
num_chunk_merges: 9.
num_chunk_splits: 3591.
num_chunks_enlarged: 2728.
num_inconsistent_stats: 0.

CodeHeap 'non-profiled nmethods': size=120000Kb used=7593Kb max_used=7593Kb free=112406Kb
 bounds [0x00000225ce940000, 0x00000225cf0b0000, 0x00000225d5e70000]
CodeHeap 'profiled nmethods': size=120000Kb used=20534Kb max_used=21227Kb free=99465Kb
 bounds [0x00000225c6e70000, 0x00000225c8330000, 0x00000225ce3a0000]
CodeHeap 'non-nmethods': size=5760Kb used=1645Kb max_used=1695Kb free=4114Kb
 bounds [0x00000225ce3a0000, 0x00000225ce610000, 0x00000225ce940000]
CodeCache: size=245760Kb, used=29772Kb, max_used=30515Kb, free=215985Kb
 total_blobs=11381, nmethods=10602, adapters=681, full_count=0
Compilation: enabled, stopped_count=0, restarted_count=0

Compilation events (20 events):
Event: 4500.028 Thread 0x00000225da89f3f0 nmethod 15247 0x00000225cf0a8510 code [0x00000225cf0a86a0, 0x00000225cf0a87b0]
Event: 4806.272 Thread 0x00000225da89fe80 15248       3       java.util.concurrent.FutureTask::isDone (13 bytes)
Event: 4806.291 Thread 0x00000225da89fe80 nmethod 15248 0x00000225c75d5890 code [0x00000225c75d5a20, 0x00000225c75d5b80]
Event: 4958.942 Thread 0x00000225da89fe80 15249       3       com.zaxxer.hikari.util.ConcurrentBag::getCount (49 bytes)
Event: 4958.993 Thread 0x00000225da89fe80 nmethod 15249 0x00000225c75d4a10 code [0x00000225c75d4c40, 0x00000225c75d5540]
Event: 5008.686 Thread 0x00000225da89f3f0 15250   !   4       jdk.internal.loader.BuiltinClassLoader::findResource (154 bytes)
Event: 5008.831 Thread 0x00000225da89f3f0 nmethod 15250 0x00000225cf0a8910 code [0x00000225cf0a8be0, 0x00000225cf0a9870]
Event: 5008.831 Thread 0x00000225da89f3f0 15251       4       jdk.internal.loader.BuiltinClassLoader::findResourceOnClassPath (41 bytes)
Event: 5008.832 Thread 0x00000225da89f3f0 nmethod 15251 0x00000225cf0aa490 code [0x00000225cf0aa620, 0x00000225cf0aa6e8]
Event: 5070.553 Thread 0x00000225da89fe80 15252       3       org.springframework.boot.web.embedded.tomcat.TomcatWebServer$$Lambda/0x00000225dc41b4f8::lifecycleEvent (13 bytes)
Event: 5070.588 Thread 0x00000225da89fe80 nmethod 15252 0x00000225c75d3b90 code [0x00000225c75d3de0, 0x00000225c75d46c8]
Event: 5070.588 Thread 0x00000225da89fe80 15253       3       org.springframework.boot.web.embedded.tomcat.TomcatWebServer::lambda$initialize$0 (29 bytes)
Event: 5070.590 Thread 0x00000225da89fe80 nmethod 15253 0x00000225c75d2d90 code [0x00000225c75d2fe0, 0x00000225c75d3868]
Event: 5130.644 Thread 0x00000225da89fe80 15254       3       org.apache.catalina.webresources.Cache::evict (79 bytes)
Event: 5130.674 Thread 0x00000225da89fe80 nmethod 15254 0x00000225c75d2310 code [0x00000225c75d2520, 0x00000225c75d2b88]
Event: 5130.675 Thread 0x00000225da89fe80 15255       3       org.apache.tomcat.util.collections.ManagedConcurrentWeakHashMap::maintain (44 bytes)
Event: 5130.684 Thread 0x00000225da89fe80 nmethod 15255 0x00000225c75d1990 code [0x00000225c75d1b80, 0x00000225c75d2110]
Event: 5130.684 Thread 0x00000225da89fe80 15256  s    3       org.apache.catalina.core.StandardWrapper::backgroundProcess (38 bytes)
Event: 5130.697 Thread 0x00000225da89fe80 nmethod 15256 0x00000225c75d0f90 code [0x00000225c75d1180, 0x00000225c75d1838]
Event: 5285.042 Thread 0x00000225da89f3f0 15257   !   4       sun.nio.ch.SelectorImpl::lockAndDoSelect (87 bytes)

GC Heap History (20 events):
Event: 13.472 GC heap before
{Heap before GC invocations=36 (full 0):
 garbage-first heap   total 161792K, used 134698K [0x00000000a4200000, 0x0000000100000000)
  region size 1024K, 62 young (63488K), 2 survivors (2048K)
 Metaspace       used 84035K, committed 84864K, reserved 1179648K
  class space    used 11371K, committed 11776K, reserved 1048576K
}
Event: 13.477 GC heap after
{Heap after GC invocations=37 (full 0):
 garbage-first heap   total 161792K, used 78470K [0x00000000a4200000, 0x0000000100000000)
  region size 1024K, 7 young (7168K), 7 survivors (7168K)
 Metaspace       used 84035K, committed 84864K, reserved 1179648K
  class space    used 11371K, committed 11776K, reserved 1048576K
}
Event: 46.586 GC heap before
{Heap before GC invocations=38 (full 0):
 garbage-first heap   total 161792K, used 137862K [0x00000000a4200000, 0x0000000100000000)
  region size 1024K, 66 young (67584K), 7 survivors (7168K)
 Metaspace       used 91454K, committed 92288K, reserved 1179648K
  class space    used 12323K, committed 12672K, reserved 1048576K
}
Event: 46.603 GC heap after
{Heap after GC invocations=39 (full 0):
 garbage-first heap   total 161792K, used 82404K [0x00000000a4200000, 0x0000000100000000)
  region size 1024K, 5 young (5120K), 5 survivors (5120K)
 Metaspace       used 91454K, committed 92288K, reserved 1179648K
  class space    used 12323K, committed 12672K, reserved 1048576K
}
Event: 47.057 GC heap before
{Heap before GC invocations=39 (full 0):
 garbage-first heap   total 161792K, used 140772K [0x00000000a4200000, 0x0000000100000000)
  region size 1024K, 62 young (63488K), 5 survivors (5120K)
 Metaspace       used 91902K, committed 92800K, reserved 1179648K
  class space    used 12327K, committed 12736K, reserved 1048576K
}
Event: 47.061 GC heap after
{Heap after GC invocations=40 (full 0):
 garbage-first heap   total 161792K, used 67368K [0x00000000a4200000, 0x0000000100000000)
  region size 1024K, 5 young (5120K), 5 survivors (5120K)
 Metaspace       used 91902K, committed 92800K, reserved 1179648K
  class space    used 12327K, committed 12736K, reserved 1048576K
}
Event: 47.452 GC heap before
{Heap before GC invocations=40 (full 0):
 garbage-first heap   total 161792K, used 141096K [0x00000000a4200000, 0x0000000100000000)
  region size 1024K, 77 young (78848K), 5 survivors (5120K)
 Metaspace       used 92005K, committed 92864K, reserved 1179648K
  class space    used 12330K, committed 12736K, reserved 1048576K
}
Event: 47.456 GC heap after
{Heap after GC invocations=41 (full 0):
 garbage-first heap   total 161792K, used 63203K [0x00000000a4200000, 0x0000000100000000)
  region size 1024K, 5 young (5120K), 5 survivors (5120K)
 Metaspace       used 92005K, committed 92864K, reserved 1179648K
  class space    used 12330K, committed 12736K, reserved 1048576K
}
Event: 47.914 GC heap before
{Heap before GC invocations=41 (full 0):
 garbage-first heap   total 161792K, used 147171K [0x00000000a4200000, 0x0000000100000000)
  region size 1024K, 87 young (89088K), 5 survivors (5120K)
 Metaspace       used 92029K, committed 92864K, reserved 1179648K
  class space    used 12331K, committed 12736K, reserved 1048576K
}
Event: 47.921 GC heap after
{Heap after GC invocations=42 (full 0):
 garbage-first heap   total 161792K, used 56896K [0x00000000a4200000, 0x0000000100000000)
  region size 1024K, 5 young (5120K), 5 survivors (5120K)
 Metaspace       used 92029K, committed 92864K, reserved 1179648K
  class space    used 12331K, committed 12736K, reserved 1048576K
}
Event: 48.345 GC heap before
{Heap before GC invocations=42 (full 0):
 garbage-first heap   total 161792K, used 148032K [0x00000000a4200000, 0x0000000100000000)
  region size 1024K, 94 young (96256K), 5 survivors (5120K)
 Metaspace       used 92069K, committed 92992K, reserved 1179648K
  class space    used 12333K, committed 12736K, reserved 1048576K
}
Event: 48.351 GC heap after
{Heap after GC invocations=43 (full 0):
 garbage-first heap   total 161792K, used 56852K [0x00000000a4200000, 0x0000000100000000)
  region size 1024K, 5 young (5120K), 5 survivors (5120K)
 Metaspace       used 92069K, committed 92992K, reserved 1179648K
  class space    used 12333K, committed 12736K, reserved 1048576K
}
Event: 48.829 GC heap before
{Heap before GC invocations=44 (full 0):
 garbage-first heap   total 161792K, used 147988K [0x00000000a4200000, 0x0000000100000000)
  region size 1024K, 94 young (96256K), 5 survivors (5120K)
 Metaspace       used 92073K, committed 92992K, reserved 1179648K
  class space    used 12334K, committed 12736K, reserved 1048576K
}
Event: 48.832 GC heap after
{Heap after GC invocations=45 (full 0):
 garbage-first heap   total 161792K, used 56650K [0x00000000a4200000, 0x0000000100000000)
  region size 1024K, 5 young (5120K), 5 survivors (5120K)
 Metaspace       used 92073K, committed 92992K, reserved 1179648K
  class space    used 12334K, committed 12736K, reserved 1048576K
}
Event: 49.221 GC heap before
{Heap before GC invocations=45 (full 0):
 garbage-first heap   total 161792K, used 147786K [0x00000000a4200000, 0x0000000100000000)
  region size 1024K, 94 young (96256K), 5 survivors (5120K)
 Metaspace       used 92091K, committed 92992K, reserved 1179648K
  class space    used 12335K, committed 12736K, reserved 1048576K
}
Event: 49.226 GC heap after
{Heap after GC invocations=46 (full 0):
 garbage-first heap   total 161792K, used 53744K [0x00000000a4200000, 0x0000000100000000)
  region size 1024K, 5 young (5120K), 5 survivors (5120K)
 Metaspace       used 92091K, committed 92992K, reserved 1179648K
  class space    used 12335K, committed 12736K, reserved 1048576K
}
Event: 49.580 GC heap before
{Heap before GC invocations=46 (full 0):
 garbage-first heap   total 161792K, used 144880K [0x00000000a4200000, 0x0000000100000000)
  region size 1024K, 94 young (96256K), 5 survivors (5120K)
 Metaspace       used 92137K, committed 93056K, reserved 1179648K
  class space    used 12335K, committed 12736K, reserved 1048576K
}
Event: 49.584 GC heap after
{Heap after GC invocations=47 (full 0):
 garbage-first heap   total 161792K, used 53779K [0x00000000a4200000, 0x0000000100000000)
  region size 1024K, 5 young (5120K), 5 survivors (5120K)
 Metaspace       used 92137K, committed 93056K, reserved 1179648K
  class space    used 12335K, committed 12736K, reserved 1048576K
}
Event: 49.942 GC heap before
{Heap before GC invocations=48 (full 0):
 garbage-first heap   total 161792K, used 144915K [0x00000000a4200000, 0x0000000100000000)
  region size 1024K, 94 young (96256K), 5 survivors (5120K)
 Metaspace       used 92175K, committed 93056K, reserved 1179648K
  class space    used 12335K, committed 12736K, reserved 1048576K
}
Event: 49.945 GC heap after
{Heap after GC invocations=49 (full 0):
 garbage-first heap   total 161792K, used 53587K [0x00000000a4200000, 0x0000000100000000)
  region size 1024K, 5 young (5120K), 5 survivors (5120K)
 Metaspace       used 92175K, committed 93056K, reserved 1179648K
  class space    used 12335K, committed 12736K, reserved 1048576K
}

Dll operation events (13 events):
Event: 0.026 Loaded shared library C:\Program Files\Eclipse Adoptium\jdk-21.0.9.10-hotspot\bin\java.dll
Event: 0.104 Loaded shared library C:\Program Files\Eclipse Adoptium\jdk-21.0.9.10-hotspot\bin\jsvml.dll
Event: 0.245 Loaded shared library C:\Program Files\Eclipse Adoptium\jdk-21.0.9.10-hotspot\bin\zip.dll
Event: 0.253 Loaded shared library C:\Program Files\Eclipse Adoptium\jdk-21.0.9.10-hotspot\bin\instrument.dll
Event: 0.262 Loaded shared library C:\Program Files\Eclipse Adoptium\jdk-21.0.9.10-hotspot\bin\net.dll
Event: 0.267 Loaded shared library C:\Program Files\Eclipse Adoptium\jdk-21.0.9.10-hotspot\bin\nio.dll
Event: 0.271 Loaded shared library C:\Program Files\Eclipse Adoptium\jdk-21.0.9.10-hotspot\bin\zip.dll
Event: 0.452 Loaded shared library C:\Program Files\Eclipse Adoptium\jdk-21.0.9.10-hotspot\bin\extnet.dll
Event: 0.515 Loaded shared library C:\Program Files\Eclipse Adoptium\jdk-21.0.9.10-hotspot\bin\jimage.dll
Event: 2.147 Loaded shared library C:\Program Files\Eclipse Adoptium\jdk-21.0.9.10-hotspot\bin\sunmscapi.dll
Event: 5.351 Loaded shared library C:\Program Files\Eclipse Adoptium\jdk-21.0.9.10-hotspot\bin\management.dll
Event: 5.354 Loaded shared library C:\Program Files\Eclipse Adoptium\jdk-21.0.9.10-hotspot\bin\management_ext.dll
Event: 6.271 Loaded shared library C:\Program Files\Eclipse Adoptium\jdk-21.0.9.10-hotspot\bin\verify.dll

Deoptimization events (20 events):
Event: 4174.539 Thread 0x00000225da886180 Uncommon trap: trap_request=0xffffffd6 fr.pc=0x00000225cf09b898 relative=0x0000000000000f78
Event: 4174.539 Thread 0x00000225da886180 Uncommon trap: reason=array_check action=maybe_recompile pc=0x00000225cf09b898 method=java.util.concurrent.ScheduledThreadPoolExecutor$DelayedWorkQueue.siftUp(ILjava/util/concurrent/RunnableScheduledFuture;)V @ 39 c2
Event: 4174.539 Thread 0x00000225da886180 DEOPT PACKING pc=0x00000225cf09b898 sp=0x0000008c409fede0
Event: 4174.544 Thread 0x00000225da886180 DEOPT UNPACKING pc=0x00000225ce3f4422 sp=0x0000008c409fec50 mode 2
Event: 4175.521 Thread 0x00000225da886180 Uncommon trap: trap_request=0xffffffd6 fr.pc=0x00000225cf09b674 relative=0x0000000000000d54
Event: 4175.521 Thread 0x00000225da886180 Uncommon trap: reason=array_check action=maybe_recompile pc=0x00000225cf09b674 method=java.util.concurrent.ScheduledThreadPoolExecutor$DelayedWorkQueue.siftUp(ILjava/util/concurrent/RunnableScheduledFuture;)V @ 57 c2
Event: 4175.521 Thread 0x00000225da886180 DEOPT PACKING pc=0x00000225cf09b674 sp=0x0000008c409fede0
Event: 4175.521 Thread 0x00000225da886180 DEOPT UNPACKING pc=0x00000225ce3f4422 sp=0x0000008c409fec50 mode 2
Event: 4175.539 Thread 0x00000225da888250 Uncommon trap: trap_request=0xffffffd6 fr.pc=0x00000225cf09b898 relative=0x0000000000000f78
Event: 4175.539 Thread 0x00000225da888250 Uncommon trap: reason=array_check action=maybe_recompile pc=0x00000225cf09b898 method=java.util.concurrent.ScheduledThreadPoolExecutor$DelayedWorkQueue.siftUp(ILjava/util/concurrent/RunnableScheduledFuture;)V @ 39 c2
Event: 4175.539 Thread 0x00000225da888250 DEOPT PACKING pc=0x00000225cf09b898 sp=0x0000008c40aff1f0
Event: 4175.539 Thread 0x00000225da888250 DEOPT UNPACKING pc=0x00000225ce3f4422 sp=0x0000008c40aff060 mode 2
Event: 4187.537 Thread 0x00000225da886180 Uncommon trap: trap_request=0xffffffd6 fr.pc=0x00000225cf0a0b04 relative=0x00000000000005e4
Event: 4187.537 Thread 0x00000225da886180 Uncommon trap: reason=array_check action=maybe_recompile pc=0x00000225cf0a0b04 method=java.util.concurrent.ScheduledThreadPoolExecutor$DelayedWorkQueue.siftDown(ILjava/util/concurrent/RunnableScheduledFuture;)V @ 112 c2
Event: 4187.537 Thread 0x00000225da886180 DEOPT PACKING pc=0x00000225cf0a0b04 sp=0x0000008c409fecd0
Event: 4187.538 Thread 0x00000225da886180 DEOPT UNPACKING pc=0x00000225ce3f4422 sp=0x0000008c409fec00 mode 2
Event: 4188.538 Thread 0x00000225da888250 Uncommon trap: trap_request=0xffffffd6 fr.pc=0x00000225cf0a0b04 relative=0x00000000000005e4
Event: 4188.538 Thread 0x00000225da888250 Uncommon trap: reason=array_check action=maybe_recompile pc=0x00000225cf0a0b04 method=java.util.concurrent.ScheduledThreadPoolExecutor$DelayedWorkQueue.siftDown(ILjava/util/concurrent/RunnableScheduledFuture;)V @ 112 c2
Event: 4188.538 Thread 0x00000225da888250 DEOPT PACKING pc=0x00000225cf0a0b04 sp=0x0000008c40aff0e0
Event: 4188.538 Thread 0x00000225da888250 DEOPT UNPACKING pc=0x00000225ce3f4422 sp=0x0000008c40aff010 mode 2

Classes loaded (20 events):
Event: 214.685 Loading class java/util/stream/ReferencePipeline$4
Event: 214.692 Loading class java/util/stream/ReferencePipeline$4 done
Event: 214.694 Loading class java/util/function/IntBinaryOperator
Event: 214.696 Loading class java/util/function/IntBinaryOperator done
Event: 214.701 Loading class java/util/stream/ReduceOps$7
Event: 214.708 Loading class java/util/stream/ReduceOps$7 done
Event: 214.708 Loading class java/util/stream/ReduceOps$6ReducingSink
Event: 214.713 Loading class java/util/stream/ReduceOps$6ReducingSink done
Event: 214.713 Loading class java/util/stream/ReferencePipeline$4$1
Event: 214.716 Loading class java/util/stream/ReferencePipeline$4$1 done
Event: 1527.502 Loading class java/io/PushbackInputStream
Event: 1527.512 Loading class java/io/PushbackInputStream done
Event: 1763.772 Loading class sun/security/ssl/Alert
Event: 1763.779 Loading class sun/security/ssl/Alert done
Event: 1763.782 Loading class sun/security/ssl/Alert$AlertConsumer
Event: 1763.784 Loading class sun/security/ssl/Alert$AlertConsumer done
Event: 1763.784 Loading class sun/security/ssl/Alert$Level
Event: 1763.786 Loading class sun/security/ssl/Alert$Level done
Event: 1763.792 Loading class sun/net/ConnectionResetException
Event: 1763.793 Loading class sun/net/ConnectionResetException done

Classes unloaded (0 events):
No events

Classes redefined (0 events):
No events

Internal exceptions (20 events):
Event: 50.427 Thread 0x000002262264bf80 Implicit null exception at 0x00000225ced9357d to 0x00000225ced93708
Event: 269.583 Thread 0x00000226226470c0 Implicit null exception at 0x00000225ceee3cfe to 0x00000225ceee3f84
Event: 269.583 Thread 0x00000226226470c0 Implicit null exception at 0x00000225cef04efe to 0x00000225cef051b4
Event: 280.578 Thread 0x0000022622649190 Exception <a 'java/lang/IncompatibleClassChangeError'{0x00000000abb87760}: Found class java.lang.Object, but interface was expected> (0x00000000abb87760) 
thrown [s\src\hotspot\share\interpreter\linkResolver.cpp, line 840]
Event: 1233.843 Thread 0x0000022622649820 Exception <a 'java/lang/NoSuchMethodError'{0x00000000ab4e6b48}: 'java.lang.Object java.lang.invoke.DirectMethodHandle$Holder.invokeInterface(java.lang.Object, java.lang.Object, java.lang.Object, java.lang.Object, java.lang.Object)'> (0x00000000ab4e6b48) 
thrown [s\src\hotspot\share\interpreter\linkResolver.cpp, line 773]
Event: 1527.532 Thread 0x0000022622649eb0 Implicit null exception at 0x00000225cec58da1 to 0x00000225cec5932c
Event: 1728.807 Thread 0x000002262264bf80 Implicit null exception at 0x00000225ceb49d31 to 0x00000225ceb4a43c
Event: 1729.920 Thread 0x000002262264bf80 Exception <a 'java/lang/NoSuchMethodError'{0x00000000aacd50d0}: 'int java.lang.invoke.DirectMethodHandle$Holder.invokeStatic(java.lang.Object, java.lang.Object, int, int)'> (0x00000000aacd50d0) 
thrown [s\src\hotspot\share\interpreter\linkResolver.cpp, line 773]
Event: 1763.788 Thread 0x0000022622460490 Exception <a 'java/io/IOException'{0x00000000aabe5da8}> (0x00000000aabe5da8) 
thrown [s\src\hotspot\share\prims\jni.cpp, line 520]
Event: 1763.792 Thread 0x0000022622460490 Exception <a 'java/io/IOException'{0x00000000aabe71f8}> (0x00000000aabe71f8) 
thrown [s\src\hotspot\share\prims\jni.cpp, line 520]
Event: 1798.846 Thread 0x0000022622645d10 Implicit null exception at 0x00000225ce9f93b1 to 0x00000225ce9f9abc
Event: 1829.022 Thread 0x0000022622649190 Implicit null exception at 0x00000225ceb1a233 to 0x00000225ceb1a6e2
Event: 1829.089 Thread 0x0000022622649190 Implicit null exception at 0x00000225cebd86b5 to 0x00000225cebd9644
Event: 1829.090 Thread 0x0000022622649190 Implicit null exception at 0x00000225cefa43ab to 0x00000225cefa4c04
Event: 1829.091 Thread 0x0000022622649190 Implicit null exception at 0x00000225ceccf3fe to 0x00000225ceccf770
Event: 1829.093 Thread 0x0000022622649190 Implicit null exception at 0x00000225ce9a46da to 0x00000225ce9a520c
Event: 1829.093 Thread 0x0000022622649190 Implicit null exception at 0x00000225cedd512a to 0x00000225cedd6db8
Event: 2044.045 Thread 0x000002262264d330 Implicit null exception at 0x00000225cea06231 to 0x00000225cea0693c
Event: 3543.875 Thread 0x0000022622460b20 Exception <a 'java/io/IOException'{0x00000000aa0753b0}> (0x00000000aa0753b0) 
thrown [s\src\hotspot\share\prims\jni.cpp, line 520]
Event: 3543.888 Thread 0x0000022622460b20 Exception <a 'java/io/IOException'{0x00000000aa075fd0}> (0x00000000aa075fd0) 
thrown [s\src\hotspot\share\prims\jni.cpp, line 520]

ZGC Phase Switch (0 events):
No events

VM Operations (20 events):
Event: 3556.950 Executing VM operation: Cleanup
Event: 3556.950 Executing VM operation: Cleanup done
Event: 3565.011 Executing VM operation: Cleanup
Event: 3565.011 Executing VM operation: Cleanup done
Event: 3567.033 Executing VM operation: Cleanup
Event: 3567.033 Executing VM operation: Cleanup done
Event: 3568.038 Executing VM operation: Cleanup
Event: 3568.038 Executing VM operation: Cleanup done
Event: 3576.099 Executing VM operation: Cleanup
Event: 3576.099 Executing VM operation: Cleanup done
Event: 4119.918 Executing VM operation: Cleanup
Event: 4119.922 Executing VM operation: Cleanup done
Event: 4173.277 Executing VM operation: Cleanup
Event: 4173.280 Executing VM operation: Cleanup done
Event: 4177.306 Executing VM operation: Cleanup
Event: 4177.306 Executing VM operation: Cleanup done
Event: 4178.318 Executing VM operation: Cleanup
Event: 4178.318 Executing VM operation: Cleanup done
Event: 4190.387 Executing VM operation: Cleanup
Event: 4190.387 Executing VM operation: Cleanup done

Memory protections (0 events):
No events

Nmethod flushes (20 events):
Event: 49.639 Thread 0x00000225da85cba0 flushing  nmethod 0x00000225c8157790
Event: 49.639 Thread 0x00000225da85cba0 flushing  nmethod 0x00000225c8157d10
Event: 49.639 Thread 0x00000225da85cba0 flushing  nmethod 0x00000225c8158290
Event: 49.639 Thread 0x00000225da85cba0 flushing  nmethod 0x00000225c8158690
Event: 49.640 Thread 0x00000225da85cba0 flushing  nmethod 0x00000225c8158c90
Event: 49.640 Thread 0x00000225da85cba0 flushing  nmethod 0x00000225c8159190
Event: 49.640 Thread 0x00000225da85cba0 flushing  nmethod 0x00000225c817de10
Event: 49.640 Thread 0x00000225da85cba0 flushing  nmethod 0x00000225c8180810
Event: 49.640 Thread 0x00000225da85cba0 flushing  nmethod 0x00000225c8180d90
Event: 49.640 Thread 0x00000225da85cba0 flushing  nmethod 0x00000225c8181e10
Event: 49.640 Thread 0x00000225da85cba0 flushing  nmethod 0x00000225c8182290
Event: 49.640 Thread 0x00000225da85cba0 flushing  nmethod 0x00000225c8182810
Event: 49.640 Thread 0x00000225da85cba0 flushing  nmethod 0x00000225c8182c90
Event: 49.640 Thread 0x00000225da85cba0 flushing  nmethod 0x00000225c8183510
Event: 49.640 Thread 0x00000225da85cba0 flushing  nmethod 0x00000225c8183f10
Event: 49.640 Thread 0x00000225da85cba0 flushing  nmethod 0x00000225c8184c10
Event: 49.640 Thread 0x00000225da85cba0 flushing  nmethod 0x00000225c8199e90
Event: 49.640 Thread 0x00000225da85cba0 flushing  nmethod 0x00000225c819ab10
Event: 49.640 Thread 0x00000225da85cba0 flushing  nmethod 0x00000225c819f410
Event: 49.640 Thread 0x00000225da85cba0 flushing  nmethod 0x00000225c81a0e90

Events (20 events):
Event: 1781.199 Thread 0x00000225da89fe80 Thread added: 0x000002262507cf80
Event: 1783.280 Thread 0x000002262507cf80 Thread exited: 0x000002262507cf80
Event: 1788.290 Thread 0x0000022622461840 Thread exited: 0x0000022622461840
Event: 1788.353 Thread 0x0000022622461ed0 Thread exited: 0x0000022622461ed0
Event: 1799.718 Thread 0x0000022622648b00 Thread added: 0x0000022622460490
Event: 1799.719 Thread 0x0000022622460490 Thread added: 0x000002262245f770
Event: 1806.266 Thread 0x0000022622460490 Thread exited: 0x0000022622460490
Event: 1806.328 Thread 0x000002262245f770 Thread exited: 0x000002262245f770
Event: 1806.469 Thread 0x0000022622648b00 Thread added: 0x000002262245f770
Event: 1806.470 Thread 0x000002262245f770 Thread added: 0x0000022622460490
Event: 1811.481 Thread 0x000002262245f770 Thread exited: 0x000002262245f770
Event: 1811.549 Thread 0x0000022622460490 Thread exited: 0x0000022622460490
Event: 3543.807 Thread 0x0000022622648b00 Thread added: 0x0000022622460b20
Event: 3543.895 Thread 0x0000022622460b20 Thread added: 0x00000226224611b0
Event: 3548.902 Thread 0x0000022622460b20 Thread exited: 0x0000022622460b20
Event: 3549.179 Thread 0x00000226224611b0 Thread exited: 0x00000226224611b0
Event: 3556.634 Thread 0x0000022622648b00 Thread added: 0x000002262245f770
Event: 3556.644 Thread 0x000002262245f770 Thread added: 0x0000022622460490
Event: 3580.303 Thread 0x000002262245f770 Thread exited: 0x000002262245f770
Event: 3580.489 Thread 0x0000022622460490 Thread exited: 0x0000022622460490


Dynamic libraries:
0x00007ff744b10000 - 0x00007ff744b1e000 	C:\Program Files\Eclipse Adoptium\jdk-21.0.9.10-hotspot\bin\java.exe
0x00007ff886fe0000 - 0x00007ff887248000 	C:\WINDOWS\SYSTEM32\ntdll.dll
0x00007ff885880000 - 0x00007ff885949000 	C:\WINDOWS\System32\KERNEL32.DLL
0x00007ff8845b0000 - 0x00007ff8849a2000 	C:\WINDOWS\System32\KERNELBASE.dll
0x00007ff8849b0000 - 0x00007ff884afb000 	C:\WINDOWS\System32\ucrtbase.dll
0x00007ff87b270000 - 0x00007ff87b288000 	C:\Program Files\Eclipse Adoptium\jdk-21.0.9.10-hotspot\bin\jli.dll
0x00007ff87b220000 - 0x00007ff87b23e000 	C:\Program Files\Eclipse Adoptium\jdk-21.0.9.10-hotspot\bin\VCRUNTIME140.dll
0x00007ff884f40000 - 0x00007ff885105000 	C:\WINDOWS\System32\USER32.dll
0x00007ff864880000 - 0x00007ff864b13000 	C:\WINDOWS\WinSxS\amd64_microsoft.windows.common-controls_6595b64144ccf1df_6.0.26100.6899_none_3e0efeeae32e88c1\COMCTL32.dll
0x00007ff8855f0000 - 0x00007ff885699000 	C:\WINDOWS\System32\msvcrt.dll
0x00007ff884350000 - 0x00007ff884377000 	C:\WINDOWS\System32\win32u.dll
0x00007ff884f10000 - 0x00007ff884f3b000 	C:\WINDOWS\System32\GDI32.dll
0x00007ff884170000 - 0x00007ff88429d000 	C:\WINDOWS\System32\gdi32full.dll
0x00007ff8842a0000 - 0x00007ff884343000 	C:\WINDOWS\System32\msvcp_win.dll
0x00007ff885950000 - 0x00007ff88597f000 	C:\WINDOWS\System32\IMM32.DLL
0x00007ff87cbe0000 - 0x00007ff87cbec000 	C:\Program Files\Eclipse Adoptium\jdk-21.0.9.10-hotspot\bin\vcruntime140_1.dll
0x00007ff879e40000 - 0x00007ff879ecd000 	C:\Program Files\Eclipse Adoptium\jdk-21.0.9.10-hotspot\bin\msvcp140.dll
0x00007ff814c30000 - 0x00007ff8159d0000 	C:\Program Files\Eclipse Adoptium\jdk-21.0.9.10-hotspot\bin\server\jvm.dll
0x00007ff8851b0000 - 0x00007ff885264000 	C:\WINDOWS\System32\ADVAPI32.dll
0x00007ff885a70000 - 0x00007ff885b16000 	C:\WINDOWS\System32\sechost.dll
0x00007ff886730000 - 0x00007ff886848000 	C:\WINDOWS\System32\RPCRT4.dll
0x00007ff8857f0000 - 0x00007ff885864000 	C:\WINDOWS\System32\WS2_32.dll
0x00007ff883fd0000 - 0x00007ff88402e000 	C:\WINDOWS\SYSTEM32\POWRPROF.dll
0x00007ff86dcd0000 - 0x00007ff86dd05000 	C:\WINDOWS\SYSTEM32\WINMM.dll
0x00007ff870220000 - 0x00007ff87022b000 	C:\WINDOWS\SYSTEM32\VERSION.dll
0x00007ff883fb0000 - 0x00007ff883fc4000 	C:\WINDOWS\SYSTEM32\UMPDC.dll
0x00007ff882f40000 - 0x00007ff882f5b000 	C:\WINDOWS\SYSTEM32\kernel.appcore.dll
0x00007ff87b320000 - 0x00007ff87b32a000 	C:\Program Files\Eclipse Adoptium\jdk-21.0.9.10-hotspot\bin\jimage.dll
0x00007ff881700000 - 0x00007ff881942000 	C:\WINDOWS\SYSTEM32\DBGHELP.DLL
0x00007ff885270000 - 0x00007ff8855eb000 	C:\WINDOWS\System32\combase.dll
0x00007ff885990000 - 0x00007ff885a67000 	C:\WINDOWS\System32\OLEAUT32.dll
0x00007ff86d0f0000 - 0x00007ff86d12c000 	C:\WINDOWS\SYSTEM32\dbgcore.DLL
0x00007ff884b00000 - 0x00007ff884b98000 	C:\WINDOWS\System32\bcryptPrimitives.dll
0x00007ff879e30000 - 0x00007ff879e3f000 	C:\Program Files\Eclipse Adoptium\jdk-21.0.9.10-hotspot\bin\instrument.dll
0x00007ff879e10000 - 0x00007ff879e30000 	C:\Program Files\Eclipse Adoptium\jdk-21.0.9.10-hotspot\bin\java.dll
0x00007ff886850000 - 0x00007ff886f9d000 	C:\WINDOWS\System32\SHELL32.dll
0x00007ff884380000 - 0x00007ff8844eb000 	C:\WINDOWS\System32\wintypes.dll
0x00007ff881de0000 - 0x00007ff88263d000 	C:\WINDOWS\SYSTEM32\windows.storage.dll
0x00007ff886410000 - 0x00007ff886502000 	C:\WINDOWS\System32\SHCORE.dll
0x00007ff885760000 - 0x00007ff8857c2000 	C:\WINDOWS\System32\shlwapi.dll
0x00007ff884060000 - 0x00007ff884089000 	C:\WINDOWS\SYSTEM32\profapi.dll
0x00007ff872e30000 - 0x00007ff872f07000 	C:\Program Files\Eclipse Adoptium\jdk-21.0.9.10-hotspot\bin\jsvml.dll
0x00007ff875830000 - 0x00007ff875848000 	C:\Program Files\Eclipse Adoptium\jdk-21.0.9.10-hotspot\bin\zip.dll
0x00007ff879e00000 - 0x00007ff879e10000 	C:\Program Files\Eclipse Adoptium\jdk-21.0.9.10-hotspot\bin\net.dll
0x00007ff87e2f0000 - 0x00007ff87e40f000 	C:\WINDOWS\SYSTEM32\WINHTTP.dll
0x00007ff8834b0000 - 0x00007ff88351b000 	C:\WINDOWS\system32\mswsock.dll
0x00007ff875850000 - 0x00007ff875866000 	C:\Program Files\Eclipse Adoptium\jdk-21.0.9.10-hotspot\bin\nio.dll
0x00007ff878a00000 - 0x00007ff878a09000 	C:\Program Files\Eclipse Adoptium\jdk-21.0.9.10-hotspot\bin\extnet.dll
0x00007ff876740000 - 0x00007ff87674e000 	C:\Program Files\Eclipse Adoptium\jdk-21.0.9.10-hotspot\bin\sunmscapi.dll
0x00007ff884ba0000 - 0x00007ff884d17000 	C:\WINDOWS\System32\CRYPT32.dll
0x00007ff883980000 - 0x00007ff8839b0000 	C:\WINDOWS\SYSTEM32\ncrypt.dll
0x00007ff883930000 - 0x00007ff88396f000 	C:\WINDOWS\SYSTEM32\NTASN1.dll
0x00007ff883760000 - 0x00007ff88377b000 	C:\WINDOWS\SYSTEM32\CRYPTSP.dll
0x00007ff882ea0000 - 0x00007ff882edb000 	C:\WINDOWS\system32\rsaenh.dll
0x00007ff883550000 - 0x00007ff88357b000 	C:\WINDOWS\SYSTEM32\USERENV.dll
0x00007ff884090000 - 0x00007ff8840b6000 	C:\WINDOWS\SYSTEM32\bcrypt.dll
0x00007ff883780000 - 0x00007ff88378c000 	C:\WINDOWS\SYSTEM32\CRYPTBASE.dll
0x00007ff882960000 - 0x00007ff882994000 	C:\WINDOWS\SYSTEM32\IPHLPAPI.DLL
0x00007ff885d60000 - 0x00007ff885d6a000 	C:\WINDOWS\System32\NSI.dll
0x00007ff8760a0000 - 0x00007ff8760aa000 	C:\Program Files\Eclipse Adoptium\jdk-21.0.9.10-hotspot\bin\management.dll
0x00007ff875820000 - 0x00007ff87582c000 	C:\Program Files\Eclipse Adoptium\jdk-21.0.9.10-hotspot\bin\management_ext.dll
0x00007ff885d50000 - 0x00007ff885d58000 	C:\WINDOWS\System32\PSAPI.DLL
0x00007ff874ab0000 - 0x00007ff874ac0000 	C:\Program Files\Eclipse Adoptium\jdk-21.0.9.10-hotspot\bin\verify.dll
0x00007ff8829f0000 - 0x00007ff882b16000 	C:\WINDOWS\SYSTEM32\DNSAPI.dll
0x00007ff87d8e0000 - 0x00007ff87d8eb000 	C:\Windows\System32\rasadhlp.dll
0x00007ff87eed0000 - 0x00007ff87ef56000 	C:\WINDOWS\System32\fwpuclnt.dll
0x00007ff871070000 - 0x00007ff871078000 	C:\WINDOWS\system32\wshunix.dll

JVMTI agents:
C:\Program Files\JetBrains\IntelliJ IDEA Community Edition 2025.2.4\lib\idea_rt.jar path:C:\Program Files\Eclipse Adoptium\jdk-21.0.9.10-hotspot\bin\instrument.dll, loaded, initialized, instrumentlib options:56488

dbghelp: loaded successfully - version: 4.0.5 - missing functions: none
symbol engine: initialized successfully - sym options: 0x614 - pdb path: .;C:\Program Files\Eclipse Adoptium\jdk-21.0.9.10-hotspot\bin;C:\WINDOWS\SYSTEM32;C:\WINDOWS\WinSxS\amd64_microsoft.windows.common-controls_6595b64144ccf1df_6.0.26100.6899_none_3e0efeeae32e88c1;C:\Program Files\Eclipse Adoptium\jdk-21.0.9.10-hotspot\bin\server

VM Arguments:
jvm_args: -javaagent:C:\Program Files\JetBrains\IntelliJ IDEA Community Edition 2025.2.4\lib\idea_rt.jar=56488 -Dfile.encoding=UTF-8 -Dsun.stdout.encoding=UTF-8 -Dsun.stderr.encoding=UTF-8 
java_command: com.utsinven.inventoryms_springboot_api.InventorymsSpringbootApiApplication
java_class_path (initial): C:\Intelj\inventoryms-springboot-api\target\classes;C:\Users\swpur\.m2\repository\org\springdoc\springdoc-openapi-starter-webmvc-ui\2.1.0\springdoc-openapi-starter-webmvc-ui-2.1.0.jar;C:\Users\swpur\.m2\repository\org\springdoc\springdoc-openapi-starter-webmvc-api\2.1.0\springdoc-openapi-starter-webmvc-api-2.1.0.jar;C:\Users\swpur\.m2\repository\org\springdoc\springdoc-openapi-starter-common\2.1.0\springdoc-openapi-starter-common-2.1.0.jar;C:\Users\swpur\.m2\repository\io\swagger\core\v3\swagger-core-jakarta\2.2.9\swagger-core-jakarta-2.2.9.jar;C:\Users\swpur\.m2\repository\org\apache\commons\commons-lang3\3.18.0\commons-lang3-3.18.0.jar;C:\Users\swpur\.m2\repository\io\swagger\core\v3\swagger-annotations-jakarta\2.2.9\swagger-annotations-jakarta-2.2.9.jar;C:\Users\swpur\.m2\repository\io\swagger\core\v3\swagger-models-jakarta\2.2.9\swagger-models-jakarta-2.2.9.jar;C:\Users\swpur\.m2\repository\jakarta\validation\jakarta.validation-api\3.0.2\jakarta.validation-api-3.0.2.jar;C:\Users\swpur\.m2\repository\com\fasterxml\jackson\dataformat\jackson-dataformat-yaml\2.18.4\jackson-dataformat-yaml-2.18.4.jar;C:\Users\swpur\.m2\repository\org\webjars\swagger-ui\4.18.2\swagger-ui-4.18.2.jar;C:\Users\swpur\.m2\repository\org\springframework\boot\spring-boot-starter-data-jpa\3.4.11\spring-boot-starter-data-jpa-3.4.11.jar;C:\Users\swpur\.m2\repository\org\springframework\boot\spring-boot-starter\3.4.11\spring-boot-starter-3.4.11.jar;C:\Users\swpur\.m2\repository\org\springframework\boot\spring-boot\3.4.11\spring-boot-3.4.11.jar;C:\Users\swpur\.m2\repository\org\springframework\boot\spring-boot-autoconfigure\3.4.11\spring-boot-autoconfigure-3.4.11.jar;C:\Users\swpur\.m2\repository\org\springframework\boot\spring-boot-starter-logging\3.4.11\spring-boot-starter-logging-3.4.11.jar;C:\Users\swpur\.m2\repository\ch\qos\logback\logback-classic\1.5.20\logback-classic-1.5.20.jar;C:\Users\swpur\.m2\repository\ch\qos\logback\logback-core\1.5.20\logback-core-1.5.20.jar;C:\Users\swpur\.m2\repository\org\apache\logging\log4j\log4j-to-slf4j\2.24.3\log4j-to-slf4j-2.24.3.jar;C:\Users\swpur\.m2\repository\org\apache\logging\log4j\log4j-api\2.24.3\log4j-api-2.24.3.jar;C:\Users\swpur\.m2\repository\org\slf4j\jul-to-slf4j\2.0.17\jul-to-slf4j-2.0.17.jar;C:\Users\swpur\.m2\repository\jakarta\annotation\jakarta.annotation-api\2.1.1\jakarta.annotation-api-2.1.1.jar;C:\Users\swpur\.m2\repository\org\yaml\snakeyaml\2.3\snakeyaml-2.3.jar;C:\Users\swpur\.m2\repository\org\springframework\boot\spring-boot-starter-jdbc\3.4.11\spring-boot-starter-jdbc-3.4.11.jar;C:\Users\swpur\.m2\repository\com\zaxxer\HikariCP\5.1.0\HikariCP-5.1.0.jar;C:\Users\swpur\.m2\repository\org\springframework\spring-jdbc\6.2.12\spring-jdbc-6.2.12.jar;C:\Users\swpur\.m2\repository\org\hibernate\orm\hibernate-core\6.6.33.Final\hibernate-core-6.6.33.Final.jar;C:\Users\swpur\.m2\repository\jakarta\persistence\jakarta.persistence-api\3.1.0\jakarta.persistence-api-3.1.0.jar;C:\Users\swpur\.m2\repository\jakarta\transaction\jakarta.transaction-api\2.0.1\jakarta.transaction-api-2.0.1.jar;C:\Users\swpur\.m2\repository\org\jboss\logging\jboss-logging\3.6.1.Final\jboss-logging-3.6.1.Final.jar;C:\Users\swpur\.m2\repository\org\hibernate\common\hibernate-commons-annotations\7.0.3.Final\hibernate-commons-annotations-7.0.3.Final.jar;C:\Users\swpur\.m2\repository\io\smallrye\jandex\3.2.0\jandex-3.2.0.jar;C:\Users\swpur\.m2\repository\com\fasterxml\classmate\1.7.1\classmate-1.7.1.jar;C:\Users\swpur\.m2\repository\net\bytebuddy\byte-buddy\1.15.11\byte-buddy-1.15.11.jar;C:\Users\swpur\.m2\repository\org\glassfish\jaxb\jaxb-runtime\4.0.6\jaxb-runtime-4.0.6.jar;C:\Users\swpur\.m2\repository\org\glassfish\jaxb\jaxb-core\4.0.6\jaxb-core-4.0.6.jar;C:\Users\swpur\.m2\repository\org\eclipse\angus\angus-activation\2.0.3\angus-activation-2.0.3.jar;C:\Users\swpur\.m2\repository\org\glassfish\jaxb\txw2\4.0.6\txw2-4.0.6.jar;C:\Users\swpur\.m2\repository\com\sun\istack\istack-commons-runtime\4.1.2\istack-commons-runtime-4.1.2.jar;C:\Users\swpur\.m2\repository\jakarta\inject\jakarta.inject-api\2.0.1\jakarta.inject-api-2.0.1.jar;C:\Users\swpur\.m2\repository\org\antlr\antlr4-runtime\4.13.0\antlr4-runtime-4.13.0.jar;C:\Users\swpur\.m2\repository\org\springframework\data\spring-data-jpa\3.4.11\spring-data-jpa-3.4.11.jar;C:\Users\swpur\.m2\repository\org\springframework\data\spring-data-commons\3.4.11\spring-data-commons-3.4.11.jar;C:\Users\swpur\.m2\repository\org\springframework\spring-orm\6.2.12\spring-orm-6.2.12.jar;C:\Users\swpur\.m2\repository\org\springframework\spring-context\6.2.12\spring-context-6.2.12.jar;C:\Users\swpur\.m2\repository\org\springframework\spring-tx\6.2.12\spring-tx-6.2.12.jar;C:\Users\swpur\.m2\repository\org\springframework\spring-beans\6.2.12\spring-beans-6.2.12.jar;C:\Users\swpur\.m2\repository\org\slf4j\slf4j-api\2.0.17\slf4j-api-2.0.17.jar;C:\Users\swpur\.m2\repository\org\springframework\spring-aspects\6.2.12\spring-aspects-6.2.12.jar;C:\Users\swpur\.m2\repository\org\aspectj\aspectjweaver\1.9.24\aspectjweaver-1.9.24.jar;C:\Users\swpur\.m2\repository\org\springframework\boot\spring-boot-starter-security\3.4.11\spring-boot-starter-security-3.4.11.jar;C:\Users\swpur\.m2\repository\org\springframework\spring-aop\6.2.12\spring-aop-6.2.12.jar;C:\Users\swpur\.m2\repository\org\springframework\security\spring-security-config\6.4.12\spring-security-config-6.4.12.jar;C:\Users\swpur\.m2\repository\org\springframework\security\spring-security-web\6.4.12\spring-security-web-6.4.12.jar;C:\Users\swpur\.m2\repository\org\springframework\spring-expression\6.2.12\spring-expression-6.2.12.jar;C:\Users\swpur\.m2\repository\org\springframework\boot\spring-boot-starter-web\3.4.11\spring-boot-starter-web-3.4.11.jar;C:\Users\swpur\.m2\repository\org\springframework\boot\spring-boot-starter-json\3.4.11\spring-boot-starter-json-3.4.11.jar;C:\Users\swpur\.m2\repository\com\fasterxml\jackson\core\jackson-databind\2.18.4\jackson-databind-2.18.4.jar;C:\Users\swpur\.m2\repository\com\fasterxml\jackson\core\jackson-annotations\2.18.4\jackson-annotations-2.18.4.jar;C:\Users\swpur\.m2\repository\com\fasterxml\jackson\core\jackson-core\2.18.4.1\jackson-core-2.18.4.1.jar;C:\Users\swpur\.m2\repository\com\fasterxml\jackson\datatype\jackson-datatype-jdk8\2.18.4\jackson-datatype-jdk8-2.18.4.jar;C:\Users\swpur\.m2\repository\com\fasterxml\jackson\datatype\jackson-datatype-jsr310\2.18.4\jackson-datatype-jsr310-2.18.4.jar;C:\Users\swpur\.m2\repository\com\fasterxml\jackson\module\jackson-module-parameter-names\2.18.4\jackson-module-parameter-names-2.18.4.jar;C:\Users\swpur\.m2\repository\org\springframework\boot\spring-boot-starter-tomcat\3.4.11\spring-boot-starter-tomcat-3.4.11.jar;C:\Users\swpur\.m2\repository\org\apache\tomcat\embed\tomcat-embed-core\10.1.48\tomcat-embed-core-10.1.48.jar;C:\Users\swpur\.m2\repository\org\apache\tomcat\embed\tomcat-embed-el\10.1.48\tomcat-embed-el-10.1.48.jar;C:\Users\swpur\.m2\repository\org\apache\tomcat\embed\tomcat-embed-websocket\10.1.48\tomcat-embed-websocket-10.1.48.jar;C:\Users\swpur\.m2\repository\org\springframework\spring-web\6.2.12\spring-web-6.2.12.jar;C:\Users\swpur\.m2\repository\io\micrometer\micrometer-observation\1.14.12\micrometer-observation-1.14.12.jar;C:\Users\swpur\.m2\repository\io\micrometer\micrometer-commons\1.14.12\micrometer-commons-1.14.12.jar;C:\Users\swpur\.m2\repository\org\springframework\spring-webmvc\6.2.12\spring-webmvc-6.2.12.jar;C:\Users\swpur\.m2\repository\com\mysql\mysql-connector-j\9.4.0\mysql-connector-j-9.4.0.jar;C:\Users\swpur\.m2\repository\org\springframework\boot\spring-boot-configuration-processor\3.4.11\spring-boot-configuration-processor-3.4.11.jar;C:\Users\swpur\.m2\repository\org\projectlombok\lombok\1.18.42\lombok-1.18.42.jar;C:\Users\swpur\.m2\repository\jakarta\xml\bind\jakarta.xml.bind-api\4.0.4\jakarta.xml.bind-api-4.0.4.jar;C:\Users\swpur\.m2\repository\jakarta\activation\jakarta.activation-api\2.1.4\jakarta.activation-api-2.1.4.jar;C:\Users\swpur\.m2\repository\org\springframework\spring-core\6.2.12\spring-core-6.2.12.jar;C:\Users\swpur\.m2\repository\org\springframework\spring-jcl\6.2.12\spring-jcl-6.2.12.jar;C:\Users\swpur\.m2\repository\org\springframework\security\spring-security-core\6.4.12\spring-security-core-6.4.12.jar;C:\Users\swpur\.m2\repository\org\springframework\security\spring-security-crypto\6.4.12\spring-security-crypto-6.4.12.jar
Launcher Type: SUN_STANDARD

[Global flags]
     intx CICompilerCount                          = 4                                         {product} {ergonomic}
     uint ConcGCThreads                            = 2                                         {product} {ergonomic}
     uint G1ConcRefinementThreads                  = 8                                         {product} {ergonomic}
   size_t G1HeapRegionSize                         = 1048576                                   {product} {ergonomic}
    uintx GCDrainStackTargetSize                   = 64                                        {product} {ergonomic}
   size_t InitialHeapSize                          = 96468992                                  {product} {ergonomic}
   size_t MarkStackSize                            = 4194304                                   {product} {ergonomic}
   size_t MaxHeapSize                              = 1541406720                                {product} {ergonomic}
   size_t MaxNewSize                               = 924844032                                 {product} {ergonomic}
   size_t MinHeapDeltaBytes                        = 1048576                                   {product} {ergonomic}
   size_t MinHeapSize                              = 8388608                                   {product} {ergonomic}
    uintx NonNMethodCodeHeapSize                   = 5839372                                {pd product} {ergonomic}
    uintx NonProfiledCodeHeapSize                  = 122909434                              {pd product} {ergonomic}
    uintx ProfiledCodeHeapSize                     = 122909434                              {pd product} {ergonomic}
    uintx ReservedCodeCacheSize                    = 251658240                              {pd product} {ergonomic}
     bool SegmentedCodeCache                       = true                                      {product} {ergonomic}
   size_t SoftMaxHeapSize                          = 1541406720                             {manageable} {ergonomic}
     bool UseCompressedOops                        = true                           {product lp64_product} {ergonomic}
     bool UseG1GC                                  = true                                      {product} {ergonomic}
     bool UseLargePagesIndividualAllocation        = false                                  {pd product} {ergonomic}

Logging:
Log output configuration:
 #0: stdout all=warning uptime,level,tags foldmultilines=false
 #1: stderr all=off uptime,level,tags foldmultilines=false

Release file:
IMPLEMENTOR="Eclipse Adoptium" 
IMPLEMENTOR_VERSION="Temurin-21.0.9+10" 
JAVA_RUNTIME_VERSION="21.0.9+10-LTS" 
JAVA_VERSION="21.0.9" 
JAVA_VERSION_DATE="2025-10-21" 
LIBC="default" 
MODULES="java.base java.compiler java.datatransfer java.xml java.prefs java.desktop java.instrument java.logging java.management java.security.sasl java.naming java.rmi java.management.rmi java.net.http java.scripting java.security.jgss java.transaction.xa java.sql java.sql.rowset java.xml.crypto java.se java.smartcardio jdk.accessibility jdk.internal.jvmstat jdk.attach jdk.charsets jdk.internal.opt jdk.zipfs jdk.compiler jdk.crypto.ec jdk.crypto.cryptoki jdk.crypto.mscapi jdk.dynalink jdk.internal.ed jdk.editpad jdk.hotspot.agent jdk.httpserver jdk.incubator.vector jdk.internal.le jdk.internal.vm.ci jdk.internal.vm.compiler jdk.internal.vm.compiler.management jdk.jartool jdk.javadoc jdk.jcmd jdk.management jdk.management.agent jdk.jconsole jdk.jdeps jdk.jdwp.agent jdk.jdi jdk.jfr jdk.jlink jdk.jpackage jdk.jshell jdk.jsobject jdk.jstatd jdk.localedata jdk.management.jfr jdk.naming.dns jdk.naming.rmi jdk.net jdk.nio.mapmode jdk.random jdk.sctp jdk.security.auth jdk.security.jgss jdk.unsupported jdk.unsupported.desktop jdk.xml.dom" 
OS_ARCH="x86_64" 
OS_NAME="Windows" 
SOURCE=".:git:759062135b07" 
BUILD_SOURCE="git:839fa0b45d809157cffd3dc8515aad262a4a1776"
BUILD_SOURCE_REPO="https://github.com/adoptium/temurin-build.git"
SOURCE_REPO="https://github.com/adoptium/jdk21u.git"
FULL_VERSION="21.0.9+10-LTS"
SEMANTIC_VERSION="21.0.9+10"
BUILD_INFO="OS: Windows Server 2022 Version: 10.0"
JVM_VARIANT="Hotspot"
JVM_VERSION="21.0.9+10-LTS"
IMAGE_TYPE="JDK"

Environment Variables:
JAVA_HOME=C:\Program Files\Eclipse Adoptium\jdk-21.0.9.10-hotspot
PATH=C:\Program Files\Eclipse Adoptium\jdk-17.0.17.10-hotspot\bin;C:\Program Files\Eclipse Adoptium\jdk-21.0.9.10-hotspot\bin;C:\WINDOWS\system32;C:\WINDOWS;C:\WINDOWS\System32\Wbem;C:\WINDOWS\System32\WindowsPowerShell\v1.0\;C:\WINDOWS\System32\OpenSSH\;C:\Program Files\PuTTY\;C:\Program Files\Git\cmd;C:\ProgramData\ComposerSetup\bin;C:\laragon\bin\php\php-8.2.22-Win32-vs16-x64;C:\Users\swpur\AppData\Roaming\nvm;C:\nvm4w\nodejs;C:\Program Files\Eclipse Adoptium\jdk-21.0.9.10-hotspot\bin;C:\laragon\bin;C:\laragon\bin\apache\httpd-2.4.54-win64-VS16\bin;C:\laragon\bin\composer;C:\laragon\bin\git\bin;C:\laragon\bin\git\cmd;C:\laragon\bin\git\mingw64\bin;C:\laragon\bin\git\usr\bin;C:\laragon\bin\laragon\utils;C:\laragon\bin\mysql\mysql-8.0.30-winx64\bin;C:\laragon\bin\nginx\nginx-1.22.0;C:\laragon\bin\ngrok;C:\laragon\bin\notepad++;C:\laragon\bin\php\php-8.2.22-Win32-vs16-x64;C:\laragon\bin\python\python-3.10;C:\laragon\bin\python\python-3.10\Scripts;C:\laragon\bin\redis\redis-x64-5.0.14.1;C:\laragon\bin\telnet;C:\laragon\usr\bin;C:\Users\swpur\AppData\Local\Yarn\config\global\node_modules\.bin;C:\Users\swpur\AppData\Roaming\Composer\vendor\bin;C:\Users\swpur\AppData\Local\Microsoft\WindowsApps;C:\Users\swpur\AppData\Local\Programs\Microsoft VS Code\bin;C:\Users\swpur\AppData\Local\Microsoft\WinGet\Packages\Google.PlatformTools_Microsoft.Winget.Source_8wekyb3d8bbwe\platform-tools;C:\Users\swpur\AppData\Local\Microsoft\WindowsApps;C:\Users\swpur\AppData\Roaming\nvm;C:\nvm4w\nodejs;C:\Users\swpur\AppData\Local\Microsoft\WinGet\Links;C:\Program Files\JetBrains\IntelliJ IDEA Community Edition 2025.2.4\bin
USERNAME=Puri
OS=Windows_NT
PROCESSOR_IDENTIFIER=AMD64 Family 23 Model 160 Stepping 0, AuthenticAMD
TMP=C:\Users\swpur\AppData\Local\Temp
TEMP=C:\Users\swpur\AppData\Local\Temp




Periodic native trim disabled

---------------  S Y S T E M  ---------------

OS:
 Windows 11 , 64 bit Build 26100 (10.0.26100.6725)
OS uptime: 1 days 13:08 hours

CPU: total 8 (initial active 8) (8 cores per cpu, 2 threads per core) family 23 model 160 stepping 0 microcode 0x8a00006, cx8, cmov, fxsr, ht, mmx, 3dnowpref, sse, sse2, sse3, ssse3, sse4a, sse4.1, sse4.2, popcnt, lzcnt, tsc, tscinvbit, avx, avx2, aes, clmul, bmi1, bmi2, adx, sha, fma, vzeroupper, clflush, clflushopt, rdtscp, rdpid, f16c
Processor Information for the first 8 processors :
  Max Mhz: 2401, Current Mhz: 2401, Mhz Limit: 2401

Memory: 4k page, system-wide physical 5877M (387M free)
TotalPageFile size 24309M (AvailPageFile size 2M)
current process WorkingSet (physical memory assigned to process): 19M, peak: 388M
current process commit charge ("private bytes"): 427M, peak: 451M

vm_info: OpenJDK 64-Bit Server VM (21.0.9+10-LTS) for windows-amd64 JRE (21.0.9+10-LTS), built on 2025-10-21T00:00:00Z by "admin" with unknown MS VC++:1942

END.
